============================= test session starts ==============================
platform linux -- Python 3.12.7, pytest-9.0.2, pluggy-1.6.0 -- /home/andreas/kiro/Handbook-Generator/venv/bin/python
cachedir: .pytest_cache
hypothesis profile 'default' -> deadline=None
rootdir: /home/andreas/kiro/Handbook-Generator
configfile: pytest.ini
plugins: cov-7.0.0, hypothesis-6.151.3
collecting ... collected 1692 items

tests/test_backward_compatibility.py::TestBackwardCompatibilityMetadata::test_old_metadata_format_without_new_fields PASSED [  0%]
tests/test_backward_compatibility.py::TestBackwardCompatibilityMetadata::test_minimal_metadata_like_old_cis_controls PASSED [  0%]
tests/test_backward_compatibility.py::TestBackwardCompatibilityMetadata::test_placeholders_preserved_when_data_missing PASSED [  0%]
tests/test_backward_compatibility.py::TestBackwardCompatibilityMetadata::test_enhancement_preserves_existing_content PASSED [  0%]
tests/test_backward_compatibility.py::TestBackwardCompatibilityMetadata::test_new_fields_have_sensible_defaults PASSED [  0%]
tests/test_backward_compatibility.py::TestBackwardCompatibilityMetadata::test_old_and_new_metadata_formats_coexist PASSED [  0%]
tests/test_backward_compatibility.py::TestBackwardCompatibilityValidation::test_validation_warns_not_errors_on_missing_new_fields PASSED [  0%]
tests/test_backward_compatibility.py::TestBackwardCompatibilityValidation::test_old_metadata_files_dont_break_validation PASSED [  0%]
tests/test_backward_compatibility.py::TestBackwardCompatibilityValidation::test_helpful_warning_messages_for_old_metadata PASSED [  0%]
tests/test_backward_compatibility.py::TestBackwardCompatibilityServicePaths::test_new_service_directory_structure_exists PASSED [  0%]
tests/test_backward_compatibility.py::TestBackwardCompatibilityServicePaths::test_old_service_paths_removed PASSED [  0%]
tests/test_backward_compatibility.py::TestBackwardCompatibilityServicePaths::test_service_directory_not_treated_as_framework PASSED [  0%]
tests/test_backward_compatibility.py::TestBackwardCompatibilityServicePaths::test_service_templates_accessible_from_new_path PASSED [  0%]
tests/test_backward_compatibility.py::TestBackwardCompatibilityServicePaths::test_email_service_accessible_from_new_path PASSED [  0%]
tests/test_backward_compatibility.py::TestBackwardCompatibilityServicePaths::test_both_old_and_new_paths_coexist_temporarily PASSED [  0%]
tests/test_bcm_bilingual_consistency.py::TestBCMBilingualConsistency::test_bcm_template_count_consistency PASSED [  0%]
tests/test_bcm_bilingual_consistency.py::TestBCMBilingualConsistency::test_bcm_template_numbering_consistency PASSED [  1%]
tests/test_bcm_bilingual_consistency.py::TestBCMBilingualConsistency::test_bcm_template_placeholder_consistency PASSED [  1%]
tests/test_bcm_bilingual_consistency.py::TestBCMBilingualConsistency::test_bcm_template_structure_consistency PASSED [  1%]
tests/test_bcm_bilingual_consistency.py::TestBCMBilingualConsistency::test_bcm_readme_exists_both_languages PASSED [  1%]
tests/test_bcm_bilingual_consistency.py::TestBCMBilingualConsistency::test_property_bilingual_template_numbering PASSED [  1%]
tests/test_bilingual_consistency_new_frameworks.py::TestFilenameMatching::test_idw_ps_951_filename_matching PASSED [  1%]
tests/test_bilingual_consistency_new_frameworks.py::TestFilenameMatching::test_nist_csf_filename_matching PASSED [  1%]
tests/test_bilingual_consistency_new_frameworks.py::TestFilenameMatching::test_togaf_filename_matching PASSED [  1%]
tests/test_bilingual_consistency_new_frameworks.py::TestFilenameMatching::test_metadata_files_exist_both_languages PASSED [  1%]
tests/test_bilingual_consistency_new_frameworks.py::TestSectionStructureMatching::test_idw_ps_951_section_structure PASSED [  1%]
tests/test_bilingual_consistency_new_frameworks.py::TestSectionStructureMatching::test_nist_csf_section_structure PASSED [  1%]
tests/test_bilingual_consistency_new_frameworks.py::TestSectionStructureMatching::test_togaf_section_structure PASSED [  1%]
tests/test_bilingual_consistency_new_frameworks.py::TestSectionStructureMatching::test_section_count_similarity PASSED [  1%]
tests/test_bilingual_consistency_new_frameworks.py::TestPlaceholderLocationMatching::test_idw_ps_951_placeholder_locations PASSED [  1%]
tests/test_bilingual_consistency_new_frameworks.py::TestPlaceholderLocationMatching::test_nist_csf_placeholder_locations PASSED [  1%]
tests/test_bilingual_consistency_new_frameworks.py::TestPlaceholderLocationMatching::test_togaf_placeholder_locations PASSED [  1%]
tests/test_bilingual_consistency_new_frameworks.py::TestPlaceholderLocationMatching::test_metadata_placeholders_match PASSED [  1%]
tests/test_bilingual_consistency_phase2.py::TestPhase2FilenameMatching::test_phase2_filename_matching[iso-38500-ISO/IEC 38500] PASSED [  2%]
tests/test_bilingual_consistency_phase2.py::TestPhase2FilenameMatching::test_phase2_filename_matching[iso-31000-ISO 31000] PASSED [  2%]
tests/test_bilingual_consistency_phase2.py::TestPhase2FilenameMatching::test_phase2_filename_matching[csa-ccm-CSA CCM] PASSED [  2%]
tests/test_bilingual_consistency_phase2.py::TestPhase2FilenameMatching::test_phase2_filename_matching[tisax-TISAX] PASSED [  2%]
tests/test_bilingual_consistency_phase2.py::TestPhase2FilenameMatching::test_phase2_filename_matching[soc1-SOC 1] PASSED [  2%]
tests/test_bilingual_consistency_phase2.py::TestPhase2FilenameMatching::test_phase2_filename_matching[coso-COSO] PASSED [  2%]
tests/test_bilingual_consistency_phase2.py::TestPhase2FilenameMatching::test_phase2_filename_matching[dora-DORA] PASSED [  2%]
tests/test_bilingual_consistency_phase2.py::TestPhase2FilenameMatching::test_phase2_metadata_files_exist[iso-38500-ISO/IEC 38500] PASSED [  2%]
tests/test_bilingual_consistency_phase2.py::TestPhase2FilenameMatching::test_phase2_metadata_files_exist[iso-31000-ISO 31000] PASSED [  2%]
tests/test_bilingual_consistency_phase2.py::TestPhase2FilenameMatching::test_phase2_metadata_files_exist[csa-ccm-CSA CCM] PASSED [  2%]
tests/test_bilingual_consistency_phase2.py::TestPhase2FilenameMatching::test_phase2_metadata_files_exist[tisax-TISAX] PASSED [  2%]
tests/test_bilingual_consistency_phase2.py::TestPhase2FilenameMatching::test_phase2_metadata_files_exist[soc1-SOC 1] PASSED [  2%]
tests/test_bilingual_consistency_phase2.py::TestPhase2FilenameMatching::test_phase2_metadata_files_exist[coso-COSO] PASSED [  2%]
tests/test_bilingual_consistency_phase2.py::TestPhase2FilenameMatching::test_phase2_metadata_files_exist[dora-DORA] PASSED [  2%]
tests/test_bilingual_consistency_phase2.py::TestPhase2FilenameMatching::test_phase2_documentation_files_exist[iso-38500-ISO/IEC 38500] PASSED [  2%]
tests/test_bilingual_consistency_phase2.py::TestPhase2FilenameMatching::test_phase2_documentation_files_exist[iso-31000-ISO 31000] PASSED [  2%]
tests/test_bilingual_consistency_phase2.py::TestPhase2FilenameMatching::test_phase2_documentation_files_exist[csa-ccm-CSA CCM] PASSED [  2%]
tests/test_bilingual_consistency_phase2.py::TestPhase2FilenameMatching::test_phase2_documentation_files_exist[tisax-TISAX] PASSED [  3%]
tests/test_bilingual_consistency_phase2.py::TestPhase2FilenameMatching::test_phase2_documentation_files_exist[soc1-SOC 1] PASSED [  3%]
tests/test_bilingual_consistency_phase2.py::TestPhase2FilenameMatching::test_phase2_documentation_files_exist[coso-COSO] PASSED [  3%]
tests/test_bilingual_consistency_phase2.py::TestPhase2FilenameMatching::test_phase2_documentation_files_exist[dora-DORA] PASSED [  3%]
tests/test_bilingual_consistency_phase2.py::TestPhase2SectionStructureMatching::test_phase2_section_structure_matching[iso-38500-ISO/IEC 38500] FAILED [  3%]
tests/test_bilingual_consistency_phase2.py::TestPhase2SectionStructureMatching::test_phase2_section_structure_matching[iso-31000-ISO 31000] PASSED [  3%]
tests/test_bilingual_consistency_phase2.py::TestPhase2SectionStructureMatching::test_phase2_section_structure_matching[csa-ccm-CSA CCM] PASSED [  3%]
tests/test_bilingual_consistency_phase2.py::TestPhase2SectionStructureMatching::test_phase2_section_structure_matching[tisax-TISAX] PASSED [  3%]
tests/test_bilingual_consistency_phase2.py::TestPhase2SectionStructureMatching::test_phase2_section_structure_matching[soc1-SOC 1] PASSED [  3%]
tests/test_bilingual_consistency_phase2.py::TestPhase2SectionStructureMatching::test_phase2_section_structure_matching[coso-COSO] PASSED [  3%]
tests/test_bilingual_consistency_phase2.py::TestPhase2SectionStructureMatching::test_phase2_section_structure_matching[dora-DORA] PASSED [  3%]
tests/test_bilingual_consistency_phase2.py::TestPhase2SectionStructureMatching::test_phase2_header_hierarchy_consistency[iso-38500-ISO/IEC 38500] PASSED [  3%]
tests/test_bilingual_consistency_phase2.py::TestPhase2SectionStructureMatching::test_phase2_header_hierarchy_consistency[iso-31000-ISO 31000] PASSED [  3%]
tests/test_bilingual_consistency_phase2.py::TestPhase2SectionStructureMatching::test_phase2_header_hierarchy_consistency[csa-ccm-CSA CCM] PASSED [  3%]
tests/test_bilingual_consistency_phase2.py::TestPhase2SectionStructureMatching::test_phase2_header_hierarchy_consistency[tisax-TISAX] PASSED [  3%]
tests/test_bilingual_consistency_phase2.py::TestPhase2SectionStructureMatching::test_phase2_header_hierarchy_consistency[soc1-SOC 1] PASSED [  3%]
tests/test_bilingual_consistency_phase2.py::TestPhase2SectionStructureMatching::test_phase2_header_hierarchy_consistency[coso-COSO] PASSED [  3%]
tests/test_bilingual_consistency_phase2.py::TestPhase2SectionStructureMatching::test_phase2_header_hierarchy_consistency[dora-DORA] PASSED [  4%]
tests/test_bilingual_consistency_phase2.py::TestPhase2PlaceholderLocationMatching::test_phase2_placeholder_location_matching[iso-38500-ISO/IEC 38500] FAILED [  4%]
tests/test_bilingual_consistency_phase2.py::TestPhase2PlaceholderLocationMatching::test_phase2_placeholder_location_matching[iso-31000-ISO 31000] PASSED [  4%]
tests/test_bilingual_consistency_phase2.py::TestPhase2PlaceholderLocationMatching::test_phase2_placeholder_location_matching[csa-ccm-CSA CCM] PASSED [  4%]
tests/test_bilingual_consistency_phase2.py::TestPhase2PlaceholderLocationMatching::test_phase2_placeholder_location_matching[tisax-TISAX] PASSED [  4%]
tests/test_bilingual_consistency_phase2.py::TestPhase2PlaceholderLocationMatching::test_phase2_placeholder_location_matching[soc1-SOC 1] PASSED [  4%]
tests/test_bilingual_consistency_phase2.py::TestPhase2PlaceholderLocationMatching::test_phase2_placeholder_location_matching[coso-COSO] PASSED [  4%]
tests/test_bilingual_consistency_phase2.py::TestPhase2PlaceholderLocationMatching::test_phase2_placeholder_location_matching[dora-DORA] PASSED [  4%]
tests/test_bilingual_consistency_phase2.py::TestPhase2PlaceholderLocationMatching::test_phase2_placeholder_count_consistency[iso-38500-ISO/IEC 38500] PASSED [  4%]
tests/test_bilingual_consistency_phase2.py::TestPhase2PlaceholderLocationMatching::test_phase2_placeholder_count_consistency[iso-31000-ISO 31000] PASSED [  4%]
tests/test_bilingual_consistency_phase2.py::TestPhase2PlaceholderLocationMatching::test_phase2_placeholder_count_consistency[csa-ccm-CSA CCM] PASSED [  4%]
tests/test_bilingual_consistency_phase2.py::TestPhase2PlaceholderLocationMatching::test_phase2_placeholder_count_consistency[tisax-TISAX] PASSED [  4%]
tests/test_bilingual_consistency_phase2.py::TestPhase2PlaceholderLocationMatching::test_phase2_placeholder_count_consistency[soc1-SOC 1] PASSED [  4%]
tests/test_bilingual_consistency_phase2.py::TestPhase2PlaceholderLocationMatching::test_phase2_placeholder_count_consistency[coso-COSO] PASSED [  4%]
tests/test_bilingual_consistency_phase2.py::TestPhase2PlaceholderLocationMatching::test_phase2_placeholder_count_consistency[dora-DORA] PASSED [  4%]
tests/test_bilingual_consistency_phase2.py::TestPhase2ComprehensiveBilingualConsistency::test_all_phase2_frameworks_have_bilingual_support PASSED [  4%]
tests/test_bilingual_consistency_phase2.py::TestPhase2ComprehensiveBilingualConsistency::test_phase2_diagrams_directories_exist PASSED [  4%]
tests/test_bilingual_consistency_phase2.py::TestPhase2ComprehensiveBilingualConsistency::test_phase2_template_count_balance PASSED [  5%]
tests/test_cis_controls_integration.py::TestMetadataTemplatePositioning::test_metadata_template_exists_for_cis_controls PASSED [  5%]
tests/test_cis_controls_integration.py::TestMetadataTemplatePositioning::test_metadata_template_naming_convention PASSED [  5%]
tests/test_cis_controls_integration.py::TestMetadataTemplatePositioning::test_property_metadata_template_first_position PASSED [  5%]
tests/test_cis_controls_integration.py::TestMetadataTemplatePositioning::test_metadata_template_sort_order_zero PASSED [  5%]
tests/test_cis_controls_integration.py::TestMetadataTemplatePositioning::test_property_metadata_first_across_all_types PASSED [  5%]
tests/test_cis_controls_integration.py::TestMetadataRequiredFields::test_german_metadata_contains_required_fields PASSED [  5%]
tests/test_cis_controls_integration.py::TestMetadataRequiredFields::test_english_metadata_contains_required_fields PASSED [  5%]
tests/test_cis_controls_integration.py::TestMetadataRequiredFields::test_property_metadata_required_fields_presence PASSED [  5%]
tests/test_cis_controls_integration.py::TestMetadataRequiredFields::test_metadata_placeholder_format_consistency PASSED [  5%]
tests/test_cis_controls_integration.py::TestMetadataRequiredFields::test_property_metadata_fields_across_all_types FAILED [  5%]
tests/test_cis_controls_integration.py::TestMetadataRequiredFields::test_metadata_structure_consistency PASSED [  5%]
tests/test_cis_controls_integration.py::TestBilingualStructureConsistency::test_cis_controls_template_count_matches PASSED [  5%]
tests/test_cis_controls_integration.py::TestBilingualStructureConsistency::test_cis_controls_numbering_sequence_matches PASSED [  5%]
tests/test_cis_controls_integration.py::TestBilingualStructureConsistency::test_cis_controls_directory_structure_matches PASSED [  5%]
tests/test_cis_controls_integration.py::TestBilingualStructureConsistency::test_property_bilingual_structure_consistency PASSED [  5%]
tests/test_cis_controls_integration.py::TestBilingualStructureConsistency::test_template_categories_match_across_languages PASSED [  5%]
tests/test_cis_controls_integration.py::TestBilingualStructureConsistency::test_property_matching_sort_orders_exist_in_both_languages PASSED [  6%]
tests/test_cis_controls_integration.py::TestPlaceholderPreservation::test_cis_controls_placeholders_match_across_languages FAILED [  6%]
tests/test_cis_controls_integration.py::TestPlaceholderPreservation::test_property_placeholder_preservation FAILED [  6%]
tests/test_cis_controls_integration.py::TestPlaceholderPreservation::test_metadata_placeholders_preserved PASSED [  6%]
tests/test_cis_controls_integration.py::TestMultiFormatOutputGeneration::test_cis_controls_markdown_generation FAILED [  6%]
tests/test_cis_controls_integration.py::TestMultiFormatOutputGeneration::test_cis_controls_pdf_generation SKIPPED [  6%]
tests/test_cis_controls_integration.py::TestMultiFormatOutputGeneration::test_cis_controls_html_generation PASSED [  6%]
tests/test_cis_controls_integration.py::TestMultiFormatOutputGeneration::test_cis_controls_separate_markdown_generation PASSED [  6%]
tests/test_cis_controls_integration.py::TestMultiFormatOutputGeneration::test_cis_controls_pdf_with_toc_generation SKIPPED [  6%]
tests/test_cis_controls_integration.py::TestMultiFormatOutputGeneration::test_property_multi_format_output_generation PASSED [  6%]
tests/test_cis_controls_integration.py::TestCLIFlagCompatibility::test_property_cli_flag_compatibility FAILED [  6%]
tests/test_cis_controls_integration.py::TestCLIFlagCompatibility::test_cis_controls_accepts_all_flags PASSED [  6%]
tests/test_cis_controls_integration.py::TestCLIFlagCompatibility::test_cis_controls_short_flags PASSED [  6%]
tests/test_cis_controls_integration.py::TestCLIFlagCompatibility::test_property_flag_defaults_consistent FAILED [  6%]
tests/test_cis_controls_integration.py::TestErrorMessageInformativeness::test_invalid_template_shows_cis_controls_in_options PASSED [  6%]
tests/test_cis_controls_integration.py::TestErrorMessageInformativeness::test_error_message_lists_all_valid_types FAILED [  6%]
tests/test_cis_controls_integration.py::TestErrorMessageInformativeness::test_property_error_message_informativeness FAILED [  6%]
tests/test_cis_controls_integration.py::TestErrorMessageInformativeness::test_error_message_format_consistency PASSED [  7%]
tests/test_cis_controls_integration.py::TestErrorMessageInformativeness::test_property_error_message_independent_of_language FAILED [  7%]
tests/test_cis_controls_integration.py::TestPlaceholderReplacementCorrectness::test_property_placeholder_replacement_correctness FAILED [  7%]
tests/test_cis_controls_integration.py::TestPlaceholderReplacementCorrectness::test_cis_controls_template_placeholder_replacement PASSED [  7%]
tests/test_cis_controls_integration.py::TestPlaceholderReplacementCorrectness::test_property_placeholder_replacement_with_multiple_sources SKIPPED [  7%]
tests/test_cis_controls_integration.py::TestPlaceholderErrorHandling::test_property_placeholder_error_handling PASSED [  7%]
tests/test_cis_controls_integration.py::TestPlaceholderErrorHandling::test_error_handling_unknown_data_source PASSED [  7%]
tests/test_cis_controls_integration.py::TestPlaceholderErrorHandling::test_error_handling_missing_field PASSED [  7%]
tests/test_cis_controls_integration.py::TestPlaceholderErrorHandling::test_property_error_message_informativeness PASSED [  7%]
tests/test_cis_controls_integration.py::TestPlaceholderErrorHandling::test_error_handling_does_not_crash_system PASSED [  7%]
tests/test_cis_controls_integration.py::TestPlaceholderErrorHandling::test_mixed_valid_and_invalid_placeholders PASSED [  7%]
tests/test_cis_controls_integration.py::TestPlaceholderProcessingInMetadata::test_property_placeholder_processing_in_metadata SKIPPED [  7%]
tests/test_cis_controls_integration.py::TestPlaceholderProcessingInMetadata::test_metadata_template_placeholder_replacement PASSED [  7%]
tests/test_cis_controls_integration.py::TestPlaceholderProcessingInMetadata::test_property_metadata_placeholder_consistency PASSED [  7%]
tests/test_cis_controls_integration.py::TestPlaceholderProcessingInMetadata::test_metadata_placeholder_with_default_values PASSED [  7%]
tests/test_cis_controls_integration.py::TestPlaceholderProcessingInMetadata::test_metadata_placeholder_with_custom_values PASSED [  7%]
tests/test_cis_controls_integration.py::TestPlaceholderProcessingInMetadata::test_property_mixed_metadata_and_data_source_placeholders FAILED [  7%]
tests/test_cis_controls_integration.py::TestCISControlsPlaceholderReplacement::test_valid_placeholder_replacement_in_cis_template PASSED [  8%]
tests/test_cis_controls_integration.py::TestCISControlsPlaceholderReplacement::test_invalid_data_source_handling PASSED [  8%]
tests/test_cis_controls_integration.py::TestCISControlsPlaceholderReplacement::test_invalid_field_handling PASSED [  8%]
tests/test_cis_controls_integration.py::TestCISControlsPlaceholderReplacement::test_error_logging_with_template_name PASSED [  8%]
tests/test_cis_controls_integration.py::TestCISControlsPlaceholderReplacement::test_mixed_valid_and_invalid_placeholders_in_cis_template PASSED [  8%]
tests/test_cis_controls_integration.py::TestCISControlsPlaceholderReplacement::test_placeholder_replacement_in_actual_cis_template PASSED [  8%]
tests/test_cis_controls_integration.py::TestCISControlsPlaceholderReplacement::test_error_logging_includes_line_numbers PASSED [  8%]
tests/test_cis_controls_integration.py::TestCISControlsPlaceholderReplacement::test_placeholder_replacement_preserves_template_structure PASSED [  8%]
tests/test_cis_controls_integration.py::TestBackwardCompatibilityPreservation::test_existing_handbook_types_still_discoverable PASSED [  8%]
tests/test_cis_controls_integration.py::TestBackwardCompatibilityPreservation::test_existing_templates_still_loadable PASSED [  8%]
tests/test_cis_controls_integration.py::TestBackwardCompatibilityPreservation::test_existing_template_structure_unchanged PASSED [  8%]
tests/test_cis_controls_integration.py::TestBackwardCompatibilityPreservation::test_property_backward_compatibility_preservation PASSED [  8%]
tests/test_cis_controls_integration.py::TestBackwardCompatibilityPreservation::test_template_manager_api_unchanged PASSED [  8%]
tests/test_cis_controls_integration.py::TestBackwardCompatibilityPreservation::test_existing_handbook_types_count_unchanged FAILED [  8%]
tests/test_cis_controls_integration.py::TestBackwardCompatibilityPreservation::test_property_existing_types_available_in_both_languages PASSED [  8%]
tests/test_cis_controls_integration.py::TestBackwardCompatibilityPreservation::test_cis_controls_does_not_interfere_with_existing_types PASSED [  8%]
tests/test_cis_controls_integration.py::TestLanguageSelectionFunctionality::test_property_18_language_selection_functionality PASSED [  8%]
tests/test_cis_controls_integration.py::TestLanguageSelectionFunctionality::test_german_cis_controls_language_selection PASSED [  9%]
tests/test_cis_controls_integration.py::TestLanguageSelectionFunctionality::test_english_cis_controls_language_selection PASSED [  9%]
tests/test_cis_controls_integration.py::TestLanguageSelectionFunctionality::test_language_selection_excludes_other_languages PASSED [  9%]
tests/test_cis_controls_integration.py::TestLanguageSelectionFunctionality::test_property_language_isolation PASSED [  9%]
tests/test_cis_controls_integration.py::TestLanguageSelectionFunctionality::test_language_selection_content_language PASSED [  9%]
tests/test_cis_controls_integration.py::TestLanguageSelectionFunctionality::test_property_language_flag_controls_output_language FAILED [  9%]
tests/test_cis_controls_integration.py::TestOutputStructureConsistency::test_cis_controls_output_structure FAILED [  9%]
tests/test_cis_controls_integration.py::TestOutputStructureConsistency::test_property_output_structure_consistency FAILED [  9%]
tests/test_cis_controls_integration.py::TestOutputStructureConsistency::test_output_structure_matches_across_handbook_types FAILED [  9%]
tests/test_cis_controls_integration.py::TestOutputStructureConsistency::test_cis_controls_structure_matches_existing_types FAILED [  9%]
tests/test_cis_controls_integration.py::TestBatchGenerationErrorResilience::test_batch_script_includes_cis_controls PASSED [  9%]
tests/test_cis_controls_integration.py::TestBatchGenerationErrorResilience::test_batch_script_error_handling PASSED [  9%]
tests/test_cis_controls_integration.py::TestBatchGenerationErrorResilience::test_property_batch_generation_error_resilience PASSED [  9%]
tests/test_cis_controls_integration.py::TestBatchGenerationErrorResilience::test_batch_generation_continues_after_template_error PASSED [  9%]
tests/test_cis_controls_integration.py::TestBatchGenerationErrorResilience::test_pdf_batch_script_includes_cis_controls PASSED [  9%]
tests/test_cis_controls_integration.py::TestBatchGenerationErrorResilience::test_property_batch_resilience_across_languages PASSED [  9%]
tests/test_cis_controls_integration.py::TestBatchGenerationIntegration::test_batch_script_includes_cis_controls_in_types PASSED [  9%]
tests/test_cis_controls_integration.py::TestBatchGenerationIntegration::test_pdf_batch_script_includes_cis_controls_in_types PASSED [ 10%]
tests/test_cis_controls_integration.py::TestBatchGenerationIntegration::test_batch_script_processes_both_languages PASSED [ 10%]
tests/test_cis_controls_integration.py::TestBatchGenerationIntegration::test_batch_script_output_structure_documentation PASSED [ 10%]
tests/test_cis_controls_integration.py::TestBatchGenerationIntegration::test_batch_generation_file_count_reporting PASSED [ 10%]
tests/test_cis_controls_integration.py::TestBatchGenerationIntegration::test_batch_generation_includes_all_handbook_types PASSED [ 10%]
tests/test_cis_controls_integration.py::TestBatchGenerationIntegration::test_pdf_batch_generation_includes_all_handbook_types PASSED [ 10%]
tests/test_cis_controls_integration.py::TestBatchGenerationIntegration::test_batch_script_loops_through_all_combinations PASSED [ 10%]
tests/test_cis_controls_integration.py::TestBatchGenerationIntegration::test_batch_generation_creates_cis_controls_output FAILED [ 10%]
tests/test_cli.py::TestCLIParameterValidation::test_property_2_valid_parameter_combinations PASSED [ 10%]
tests/test_cli.py::TestCLIParameterValidation::test_property_2_parameter_consistency PASSED [ 10%]
tests/test_cli.py::TestCLIParameterValidation::test_property_2_output_format_validation PASSED [ 10%]
tests/test_cli.py::TestCLIParameterValidation::test_create_config_bypasses_validation PASSED [ 10%]
tests/test_cli.py::TestInteractiveSelection::test_interactive_selection_with_available_templates PASSED [ 10%]
tests/test_cli.py::TestInteractiveSelection::test_interactive_selection_no_templates PASSED [ 10%]
tests/test_cli.py::TestInteractiveSelection::test_interactive_selection_invalid_then_valid_input PASSED [ 10%]
tests/test_cli.py::TestInteractiveSelection::test_interactive_selection_keyboard_interrupt PASSED [ 10%]
tests/test_cli.py::TestMainFunction::test_main_with_create_config_success PASSED [ 10%]
tests/test_cli.py::TestMainFunction::test_main_with_create_config_already_exists PASSED [ 11%]
tests/test_cli.py::TestMainFunction::test_main_missing_config_file PASSED [ 11%]
tests/test_cli.py::TestMainFunction::test_main_invalid_template_combination PASSED [ 11%]
tests/test_cli.py::TestMainFunction::test_main_successful_execution PASSED [ 11%]
tests/test_cli.py::TestArgumentParsing::test_parse_arguments_all_parameters PASSED [ 11%]
tests/test_cli.py::TestArgumentParsing::test_parse_arguments_short_options PASSED [ 11%]
tests/test_cli.py::TestArgumentParsing::test_parse_arguments_defaults PASSED [ 11%]
tests/test_cli.py::TestTemplateTypeValidation::test_valid_template_type_bcm PASSED [ 11%]
tests/test_cli.py::TestTemplateTypeValidation::test_valid_template_type_isms PASSED [ 11%]
tests/test_cli.py::TestTemplateTypeValidation::test_valid_template_type_bsi_grundschutz PASSED [ 11%]
tests/test_cli.py::TestTemplateTypeValidation::test_valid_template_type_it_operation PASSED [ 11%]
tests/test_cli.py::TestTemplateTypeValidation::test_valid_template_type_cis_controls PASSED [ 11%]
tests/test_cli.py::TestTemplateTypeValidation::test_valid_template_type_cis_controls_short_flag PASSED [ 11%]
tests/test_cli.py::TestTemplateTypeValidation::test_valid_template_type_pci_dss PASSED [ 11%]
tests/test_cli.py::TestTemplateTypeValidation::test_valid_template_type_hipaa PASSED [ 11%]
tests/test_cli.py::TestTemplateTypeValidation::test_valid_template_type_nist_800_53 PASSED [ 11%]
tests/test_cli.py::TestTemplateTypeValidation::test_valid_template_type_tsc PASSED [ 11%]
tests/test_cli.py::TestTemplateTypeValidation::test_valid_template_type_common_criteria PASSED [ 12%]
tests/test_cli.py::TestTemplateTypeValidation::test_valid_template_type_iso_9001 PASSED [ 12%]
tests/test_cli.py::TestTemplateTypeValidation::test_valid_template_type_gdpr PASSED [ 12%]
tests/test_cli.py::TestTemplateTypeValidation::test_valid_template_type_idw_ps_951 PASSED [ 12%]
tests/test_cli.py::TestTemplateTypeValidation::test_valid_template_type_nist_csf PASSED [ 12%]
tests/test_cli.py::TestTemplateTypeValidation::test_valid_template_type_togaf PASSED [ 12%]
tests/test_cli.py::TestTemplateTypeValidation::test_new_frameworks_with_short_flags PASSED [ 12%]
tests/test_cli.py::TestTemplateTypeValidation::test_cis_controls_appears_in_help_text PASSED [ 12%]
tests/test_cli.py::TestTemplateTypeValidation::test_invalid_template_type_rejected PASSED [ 12%]
tests/test_cli.py::TestTemplateTypeValidation::test_invalid_template_type_shows_valid_choices PASSED [ 12%]
tests/test_cli.py::TestTemplateTypeValidation::test_all_valid_template_types_accepted PASSED [ 12%]
tests/test_cli.py::TestTemplateTypeValidation::test_property_14_cli_template_type_validation PASSED [ 12%]
tests/test_cli.py::TestTemplateTypeValidation::test_property_14_cli_invalid_template_rejection PASSED [ 12%]
tests/test_cli.py::TestPhase2FrameworkCLIIntegration::test_valid_template_type_iso_38500 PASSED [ 12%]
tests/test_cli.py::TestPhase2FrameworkCLIIntegration::test_valid_template_type_iso_31000 PASSED [ 12%]
tests/test_cli.py::TestPhase2FrameworkCLIIntegration::test_valid_template_type_csa_ccm PASSED [ 12%]
tests/test_cli.py::TestPhase2FrameworkCLIIntegration::test_valid_template_type_tisax PASSED [ 13%]
tests/test_cli.py::TestPhase2FrameworkCLIIntegration::test_valid_template_type_soc1 PASSED [ 13%]
tests/test_cli.py::TestPhase2FrameworkCLIIntegration::test_valid_template_type_coso PASSED [ 13%]
tests/test_cli.py::TestPhase2FrameworkCLIIntegration::test_valid_template_type_dora PASSED [ 13%]
tests/test_cli.py::TestPhase2FrameworkCLIIntegration::test_phase2_frameworks_with_short_flags PASSED [ 13%]
tests/test_cli.py::TestPhase2FrameworkCLIIntegration::test_phase2_frameworks_appear_in_help_text PASSED [ 13%]
tests/test_cli.py::TestPhase2FrameworkCLIIntegration::test_invalid_framework_shows_phase2_in_choices PASSED [ 13%]
tests/test_cli.py::TestPhase2FrameworkCLIIntegration::test_all_phase2_frameworks_accepted PASSED [ 13%]
tests/test_cli.py::TestPhase2FrameworkCLIIntegration::test_property_phase2_cli_framework_validation PASSED [ 13%]
tests/test_cli.py::TestPhase2FrameworkCLIIntegration::test_phase2_frameworks_with_all_output_formats PASSED [ 13%]
tests/test_cli.py::TestPhase2FrameworkCLIIntegration::test_phase2_frameworks_with_verbose_flag PASSED [ 13%]
tests/test_cli.py::TestPhase2FrameworkCLIIntegration::test_phase2_frameworks_with_custom_config PASSED [ 13%]
tests/test_cli.py::TestPhase2FrameworkCLIIntegration::test_phase2_frameworks_with_separate_files_flag PASSED [ 13%]
tests/test_cli.py::TestPhase2FrameworkCLIIntegration::test_phase2_frameworks_with_pdf_toc_flag PASSED [ 13%]
tests/test_cli_framework_acceptance.py::TestNewFrameworkCLIAcceptance::test_idw_ps_951_accepted_long_flag PASSED [ 13%]
tests/test_cli_framework_acceptance.py::TestNewFrameworkCLIAcceptance::test_idw_ps_951_accepted_short_flag PASSED [ 13%]
tests/test_cli_framework_acceptance.py::TestNewFrameworkCLIAcceptance::test_idw_ps_951_accepted_english PASSED [ 13%]
tests/test_cli_framework_acceptance.py::TestNewFrameworkCLIAcceptance::test_nist_csf_accepted_long_flag PASSED [ 14%]
tests/test_cli_framework_acceptance.py::TestNewFrameworkCLIAcceptance::test_nist_csf_accepted_short_flag PASSED [ 14%]
tests/test_cli_framework_acceptance.py::TestNewFrameworkCLIAcceptance::test_nist_csf_accepted_german PASSED [ 14%]
tests/test_cli_framework_acceptance.py::TestNewFrameworkCLIAcceptance::test_togaf_accepted_long_flag PASSED [ 14%]
tests/test_cli_framework_acceptance.py::TestNewFrameworkCLIAcceptance::test_togaf_accepted_short_flag PASSED [ 14%]
tests/test_cli_framework_acceptance.py::TestNewFrameworkCLIAcceptance::test_togaf_accepted_english PASSED [ 14%]
tests/test_cli_framework_acceptance.py::TestNewFrameworkCLIAcceptance::test_all_new_frameworks_with_both_languages PASSED [ 14%]
tests/test_cli_framework_acceptance.py::TestNewFrameworkCLIAcceptance::test_new_frameworks_with_output_formats PASSED [ 14%]
tests/test_cli_framework_acceptance.py::TestNewFrameworkCLIAcceptance::test_new_frameworks_with_verbose_flag PASSED [ 14%]
tests/test_cli_framework_acceptance.py::TestNewFrameworkCLIAcceptance::test_new_frameworks_with_custom_config PASSED [ 14%]
tests/test_cli_framework_acceptance.py::TestNewFrameworkCLIAcceptance::test_new_frameworks_with_custom_directories PASSED [ 14%]
tests/test_cli_framework_acceptance.py::TestNewFrameworkCLIAcceptance::test_new_frameworks_with_test_mode PASSED [ 14%]
tests/test_cli_framework_acceptance.py::TestNewFrameworkCLIAcceptance::test_new_frameworks_with_separate_files PASSED [ 14%]
tests/test_cli_framework_acceptance.py::TestNewFrameworkCLIAcceptance::test_new_frameworks_with_pdf_toc PASSED [ 14%]
tests/test_cli_framework_acceptance.py::TestNewFrameworkCLIRejection::test_invalid_framework_rejected PASSED [ 14%]
tests/test_cli_framework_acceptance.py::TestNewFrameworkCLIRejection::test_typo_in_idw_ps_951_rejected PASSED [ 14%]
tests/test_cli_framework_acceptance.py::TestNewFrameworkCLIRejection::test_typo_in_nist_csf_rejected PASSED [ 14%]
tests/test_cli_framework_acceptance.py::TestNewFrameworkCLIRejection::test_typo_in_togaf_rejected PASSED [ 15%]
tests/test_cli_framework_acceptance.py::TestNewFrameworkHelpText::test_idw_ps_951_in_help_text PASSED [ 15%]
tests/test_cli_framework_acceptance.py::TestNewFrameworkHelpText::test_nist_csf_in_help_text PASSED [ 15%]
tests/test_cli_framework_acceptance.py::TestNewFrameworkHelpText::test_togaf_in_help_text PASSED [ 15%]
tests/test_cli_framework_acceptance.py::TestNewFrameworkHelpText::test_all_new_frameworks_in_help_text PASSED [ 15%]
tests/test_cli_framework_acceptance.py::TestNewFrameworkHelpText::test_new_frameworks_in_examples PASSED [ 15%]
tests/test_cli_framework_acceptance.py::TestNewFrameworkPropertyBasedValidation::test_property_new_frameworks_accepted PASSED [ 15%]
tests/test_cli_framework_acceptance.py::TestNewFrameworkPropertyBasedValidation::test_property_new_frameworks_with_flags PASSED [ 15%]
tests/test_common_criteria_st_structure.py::TestCommonCriteriaSTStructure::test_common_criteria_templates_exist PASSED [ 15%]
tests/test_common_criteria_st_structure.py::TestCommonCriteriaSTStructure::test_common_criteria_framework_mapping_exists FAILED [ 15%]
tests/test_common_criteria_st_structure.py::TestCommonCriteriaSTStructure::test_common_criteria_all_st_sections_covered FAILED [ 15%]
tests/test_common_criteria_st_structure.py::TestCommonCriteriaSTStructure::test_common_criteria_st_introduction_components FAILED [ 15%]
tests/test_common_criteria_st_structure.py::TestCommonCriteriaSTStructure::test_common_criteria_toe_description_components FAILED [ 15%]
tests/test_common_criteria_st_structure.py::TestCommonCriteriaSTStructure::test_common_criteria_security_problem_definition_components FAILED [ 15%]
tests/test_common_criteria_st_structure.py::TestCommonCriteriaSTStructure::test_common_criteria_security_objectives_components FAILED [ 15%]
tests/test_common_criteria_st_structure.py::TestCommonCriteriaSTStructure::test_common_criteria_security_requirements_components FAILED [ 15%]
tests/test_common_criteria_st_structure.py::TestCommonCriteriaSTStructure::test_common_criteria_toe_summary_specification_components FAILED [ 15%]
tests/test_common_criteria_st_structure.py::TestCommonCriteriaSTStructure::test_property_25_common_criteria_st_structure FAILED [ 16%]
tests/test_common_criteria_st_structure.py::TestCommonCriteriaSTStructure::test_common_criteria_st_section_to_template_mapping FAILED [ 16%]
tests/test_common_criteria_st_structure.py::TestCommonCriteriaSTStructure::test_common_criteria_template_files_exist_for_covered_sections PASSED [ 16%]
tests/test_common_criteria_st_structure.py::TestCommonCriteriaSTStructure::test_property_25_bilingual_consistency FAILED [ 16%]
tests/test_common_criteria_st_structure.py::TestCommonCriteriaSTStructure::test_common_criteria_iso_15408_references FAILED [ 16%]
tests/test_common_criteria_st_structure.py::TestCommonCriteriaSTStructure::test_common_criteria_eal_support FAILED [ 16%]
tests/test_common_criteria_st_structure.py::TestCommonCriteriaSTStructure::test_common_criteria_sfr_and_sar_classes FAILED [ 16%]
tests/test_common_criteria_st_structure.py::TestCommonCriteriaSTStructure::test_common_criteria_coverage_matrices FAILED [ 16%]
tests/test_common_criteria_st_structure.py::TestCommonCriteriaSTStructure::test_common_criteria_no_coverage_gaps FAILED [ 16%]
tests/test_common_criteria_st_structure.py::TestCommonCriteriaSTStructure::test_property_25_foundation_templates_exist PASSED [ 16%]
tests/test_common_criteria_st_structure.py::TestCommonCriteriaSTStructure::test_common_criteria_pp_conformance_support FAILED [ 16%]
tests/test_compliance_framework_output.py::TestHTMLOutputForNewFrameworks::test_html_generation_for_framework[de-pci-dss] PASSED [ 16%]
tests/test_compliance_framework_output.py::TestHTMLOutputForNewFrameworks::test_html_generation_for_framework[de-hipaa] PASSED [ 16%]
tests/test_compliance_framework_output.py::TestHTMLOutputForNewFrameworks::test_html_generation_for_framework[de-nist-800-53] PASSED [ 16%]
tests/test_compliance_framework_output.py::TestHTMLOutputForNewFrameworks::test_html_generation_for_framework[de-tsc] PASSED [ 16%]
tests/test_compliance_framework_output.py::TestHTMLOutputForNewFrameworks::test_html_generation_for_framework[de-common-criteria] PASSED [ 16%]
tests/test_compliance_framework_output.py::TestHTMLOutputForNewFrameworks::test_html_generation_for_framework[de-iso-9001] PASSED [ 16%]
tests/test_compliance_framework_output.py::TestHTMLOutputForNewFrameworks::test_html_generation_for_framework[de-gdpr] PASSED [ 17%]
tests/test_compliance_framework_output.py::TestHTMLOutputForNewFrameworks::test_html_generation_for_framework[en-pci-dss] PASSED [ 17%]
tests/test_compliance_framework_output.py::TestHTMLOutputForNewFrameworks::test_html_generation_for_framework[en-hipaa] PASSED [ 17%]
tests/test_compliance_framework_output.py::TestHTMLOutputForNewFrameworks::test_html_generation_for_framework[en-nist-800-53] PASSED [ 17%]
tests/test_compliance_framework_output.py::TestHTMLOutputForNewFrameworks::test_html_generation_for_framework[en-tsc] PASSED [ 17%]
tests/test_compliance_framework_output.py::TestHTMLOutputForNewFrameworks::test_html_generation_for_framework[en-common-criteria] PASSED [ 17%]
tests/test_compliance_framework_output.py::TestHTMLOutputForNewFrameworks::test_html_generation_for_framework[en-iso-9001] PASSED [ 17%]
tests/test_compliance_framework_output.py::TestHTMLOutputForNewFrameworks::test_html_generation_for_framework[en-gdpr] PASSED [ 17%]
tests/test_compliance_framework_output.py::TestHTMLOutputForNewFrameworks::test_html_navigation_links[pci-dss] PASSED [ 17%]
tests/test_compliance_framework_output.py::TestHTMLOutputForNewFrameworks::test_html_navigation_links[hipaa] PASSED [ 17%]
tests/test_compliance_framework_output.py::TestHTMLOutputForNewFrameworks::test_html_navigation_links[nist-800-53] PASSED [ 17%]
tests/test_compliance_framework_output.py::TestHTMLOutputForNewFrameworks::test_html_navigation_links[tsc] PASSED [ 17%]
tests/test_compliance_framework_output.py::TestHTMLOutputForNewFrameworks::test_html_navigation_links[common-criteria] PASSED [ 17%]
tests/test_compliance_framework_output.py::TestHTMLOutputForNewFrameworks::test_html_navigation_links[iso-9001] PASSED [ 17%]
tests/test_compliance_framework_output.py::TestHTMLOutputForNewFrameworks::test_html_navigation_links[gdpr] PASSED [ 17%]
tests/test_compliance_framework_output.py::TestHTMLOutputForNewFrameworks::test_html_consistent_styling[pci-dss] PASSED [ 17%]
tests/test_compliance_framework_output.py::TestHTMLOutputForNewFrameworks::test_html_consistent_styling[hipaa] PASSED [ 17%]
tests/test_compliance_framework_output.py::TestHTMLOutputForNewFrameworks::test_html_consistent_styling[nist-800-53] PASSED [ 18%]
tests/test_compliance_framework_output.py::TestHTMLOutputForNewFrameworks::test_html_consistent_styling[tsc] PASSED [ 18%]
tests/test_compliance_framework_output.py::TestHTMLOutputForNewFrameworks::test_html_consistent_styling[common-criteria] PASSED [ 18%]
tests/test_compliance_framework_output.py::TestHTMLOutputForNewFrameworks::test_html_consistent_styling[iso-9001] PASSED [ 18%]
tests/test_compliance_framework_output.py::TestHTMLOutputForNewFrameworks::test_html_consistent_styling[gdpr] PASSED [ 18%]
tests/test_compliance_framework_output.py::TestPDFOutputForNewFrameworks::test_pdf_generation_for_framework[de-pci-dss] FAILED [ 18%]
tests/test_compliance_framework_output.py::TestPDFOutputForNewFrameworks::test_pdf_generation_for_framework[de-hipaa] FAILED [ 18%]
tests/test_compliance_framework_output.py::TestPDFOutputForNewFrameworks::test_pdf_generation_for_framework[de-nist-800-53] FAILED [ 18%]
tests/test_compliance_framework_output.py::TestPDFOutputForNewFrameworks::test_pdf_generation_for_framework[de-tsc] FAILED [ 18%]
tests/test_compliance_framework_output.py::TestPDFOutputForNewFrameworks::test_pdf_generation_for_framework[de-common-criteria] FAILED [ 18%]
tests/test_compliance_framework_output.py::TestPDFOutputForNewFrameworks::test_pdf_generation_for_framework[de-iso-9001] FAILED [ 18%]
tests/test_compliance_framework_output.py::TestPDFOutputForNewFrameworks::test_pdf_generation_for_framework[de-gdpr] FAILED [ 18%]
tests/test_compliance_framework_output.py::TestPDFOutputForNewFrameworks::test_pdf_generation_for_framework[en-pci-dss] FAILED [ 18%]
tests/test_compliance_framework_output.py::TestPDFOutputForNewFrameworks::test_pdf_generation_for_framework[en-hipaa] FAILED [ 18%]
tests/test_compliance_framework_output.py::TestPDFOutputForNewFrameworks::test_pdf_generation_for_framework[en-nist-800-53] FAILED [ 18%]
tests/test_compliance_framework_output.py::TestPDFOutputForNewFrameworks::test_pdf_generation_for_framework[en-tsc] FAILED [ 18%]
tests/test_compliance_framework_output.py::TestPDFOutputForNewFrameworks::test_pdf_generation_for_framework[en-common-criteria] FAILED [ 18%]
tests/test_compliance_framework_output.py::TestPDFOutputForNewFrameworks::test_pdf_generation_for_framework[en-iso-9001] FAILED [ 19%]
tests/test_compliance_framework_output.py::TestPDFOutputForNewFrameworks::test_pdf_generation_for_framework[en-gdpr] FAILED [ 19%]
tests/test_compliance_framework_output.py::TestPDFOutputForNewFrameworks::test_pdf_with_toc[pci-dss] FAILED [ 19%]
tests/test_compliance_framework_output.py::TestPDFOutputForNewFrameworks::test_pdf_with_toc[hipaa] FAILED [ 19%]
tests/test_compliance_framework_output.py::TestPDFOutputForNewFrameworks::test_pdf_with_toc[nist-800-53] FAILED [ 19%]
tests/test_compliance_framework_output.py::TestPDFOutputForNewFrameworks::test_pdf_with_toc[tsc] FAILED [ 19%]
tests/test_compliance_framework_output.py::TestPDFOutputForNewFrameworks::test_pdf_with_toc[common-criteria] FAILED [ 19%]
tests/test_compliance_framework_output.py::TestPDFOutputForNewFrameworks::test_pdf_with_toc[iso-9001] FAILED [ 19%]
tests/test_compliance_framework_output.py::TestPDFOutputForNewFrameworks::test_pdf_with_toc[gdpr] FAILED [ 19%]
tests/test_compliance_framework_output.py::TestPDFOutputForNewFrameworks::test_pdf_page_breaks[pci-dss] FAILED [ 19%]
tests/test_compliance_framework_output.py::TestPDFOutputForNewFrameworks::test_pdf_page_breaks[hipaa] FAILED [ 19%]
tests/test_compliance_framework_output.py::TestPDFOutputForNewFrameworks::test_pdf_page_breaks[nist-800-53] FAILED [ 19%]
tests/test_compliance_framework_output.py::TestPDFOutputForNewFrameworks::test_pdf_page_breaks[tsc] FAILED [ 19%]
tests/test_compliance_framework_output.py::TestPDFOutputForNewFrameworks::test_pdf_page_breaks[common-criteria] FAILED [ 19%]
tests/test_compliance_framework_output.py::TestPDFOutputForNewFrameworks::test_pdf_page_breaks[iso-9001] FAILED [ 19%]
tests/test_compliance_framework_output.py::TestPDFOutputForNewFrameworks::test_pdf_page_breaks[gdpr] FAILED [ 19%]
tests/test_compliance_framework_output.py::TestMarkdownOutputForNewFrameworks::test_markdown_combined_mode[de-pci-dss] FAILED [ 19%]
tests/test_compliance_framework_output.py::TestMarkdownOutputForNewFrameworks::test_markdown_combined_mode[de-hipaa] FAILED [ 20%]
tests/test_compliance_framework_output.py::TestMarkdownOutputForNewFrameworks::test_markdown_combined_mode[de-nist-800-53] FAILED [ 20%]
tests/test_compliance_framework_output.py::TestMarkdownOutputForNewFrameworks::test_markdown_combined_mode[de-tsc] FAILED [ 20%]
tests/test_compliance_framework_output.py::TestMarkdownOutputForNewFrameworks::test_markdown_combined_mode[de-common-criteria] FAILED [ 20%]
tests/test_compliance_framework_output.py::TestMarkdownOutputForNewFrameworks::test_markdown_combined_mode[de-iso-9001] FAILED [ 20%]
tests/test_compliance_framework_output.py::TestMarkdownOutputForNewFrameworks::test_markdown_combined_mode[de-gdpr] FAILED [ 20%]
tests/test_compliance_framework_output.py::TestMarkdownOutputForNewFrameworks::test_markdown_combined_mode[en-pci-dss] FAILED [ 20%]
tests/test_compliance_framework_output.py::TestMarkdownOutputForNewFrameworks::test_markdown_combined_mode[en-hipaa] FAILED [ 20%]
tests/test_compliance_framework_output.py::TestMarkdownOutputForNewFrameworks::test_markdown_combined_mode[en-nist-800-53] FAILED [ 20%]
tests/test_compliance_framework_output.py::TestMarkdownOutputForNewFrameworks::test_markdown_combined_mode[en-tsc] FAILED [ 20%]
tests/test_compliance_framework_output.py::TestMarkdownOutputForNewFrameworks::test_markdown_combined_mode[en-common-criteria] FAILED [ 20%]
tests/test_compliance_framework_output.py::TestMarkdownOutputForNewFrameworks::test_markdown_combined_mode[en-iso-9001] FAILED [ 20%]
tests/test_compliance_framework_output.py::TestMarkdownOutputForNewFrameworks::test_markdown_combined_mode[en-gdpr] FAILED [ 20%]
tests/test_compliance_framework_output.py::TestMarkdownOutputForNewFrameworks::test_markdown_separate_mode[de-pci-dss] PASSED [ 20%]
tests/test_compliance_framework_output.py::TestMarkdownOutputForNewFrameworks::test_markdown_separate_mode[de-hipaa] PASSED [ 20%]
tests/test_compliance_framework_output.py::TestMarkdownOutputForNewFrameworks::test_markdown_separate_mode[de-nist-800-53] PASSED [ 20%]
tests/test_compliance_framework_output.py::TestMarkdownOutputForNewFrameworks::test_markdown_separate_mode[de-tsc] PASSED [ 20%]
tests/test_compliance_framework_output.py::TestMarkdownOutputForNewFrameworks::test_markdown_separate_mode[de-common-criteria] PASSED [ 21%]
tests/test_compliance_framework_output.py::TestMarkdownOutputForNewFrameworks::test_markdown_separate_mode[de-iso-9001] PASSED [ 21%]
tests/test_compliance_framework_output.py::TestMarkdownOutputForNewFrameworks::test_markdown_separate_mode[de-gdpr] PASSED [ 21%]
tests/test_compliance_framework_output.py::TestMarkdownOutputForNewFrameworks::test_markdown_separate_mode[en-pci-dss] PASSED [ 21%]
tests/test_compliance_framework_output.py::TestMarkdownOutputForNewFrameworks::test_markdown_separate_mode[en-hipaa] PASSED [ 21%]
tests/test_compliance_framework_output.py::TestMarkdownOutputForNewFrameworks::test_markdown_separate_mode[en-nist-800-53] PASSED [ 21%]
tests/test_compliance_framework_output.py::TestMarkdownOutputForNewFrameworks::test_markdown_separate_mode[en-tsc] PASSED [ 21%]
tests/test_compliance_framework_output.py::TestMarkdownOutputForNewFrameworks::test_markdown_separate_mode[en-common-criteria] PASSED [ 21%]
tests/test_compliance_framework_output.py::TestMarkdownOutputForNewFrameworks::test_markdown_separate_mode[en-iso-9001] PASSED [ 21%]
tests/test_compliance_framework_output.py::TestMarkdownOutputForNewFrameworks::test_markdown_separate_mode[en-gdpr] PASSED [ 21%]
tests/test_compliance_framework_output.py::TestMarkdownOutputForNewFrameworks::test_markdown_toc_generation[pci-dss] PASSED [ 21%]
tests/test_compliance_framework_output.py::TestMarkdownOutputForNewFrameworks::test_markdown_toc_generation[hipaa] PASSED [ 21%]
tests/test_compliance_framework_output.py::TestMarkdownOutputForNewFrameworks::test_markdown_toc_generation[nist-800-53] PASSED [ 21%]
tests/test_compliance_framework_output.py::TestMarkdownOutputForNewFrameworks::test_markdown_toc_generation[tsc] PASSED [ 21%]
tests/test_compliance_framework_output.py::TestMarkdownOutputForNewFrameworks::test_markdown_toc_generation[common-criteria] PASSED [ 21%]
tests/test_compliance_framework_output.py::TestMarkdownOutputForNewFrameworks::test_markdown_toc_generation[iso-9001] PASSED [ 21%]
tests/test_compliance_framework_output.py::TestMarkdownOutputForNewFrameworks::test_markdown_toc_generation[gdpr] PASSED [ 21%]
tests/test_compliance_framework_output.py::TestOutputDirectoryStructure::test_output_directory_structure[html-de-pci-dss] PASSED [ 22%]
tests/test_compliance_framework_output.py::TestOutputDirectoryStructure::test_output_directory_structure[html-de-hipaa] PASSED [ 22%]
tests/test_compliance_framework_output.py::TestOutputDirectoryStructure::test_output_directory_structure[html-de-nist-800-53] PASSED [ 22%]
tests/test_compliance_framework_output.py::TestOutputDirectoryStructure::test_output_directory_structure[html-de-tsc] PASSED [ 22%]
tests/test_compliance_framework_output.py::TestOutputDirectoryStructure::test_output_directory_structure[html-de-common-criteria] PASSED [ 22%]
tests/test_compliance_framework_output.py::TestOutputDirectoryStructure::test_output_directory_structure[html-de-iso-9001] PASSED [ 22%]
tests/test_compliance_framework_output.py::TestOutputDirectoryStructure::test_output_directory_structure[html-de-gdpr] PASSED [ 22%]
tests/test_compliance_framework_output.py::TestOutputDirectoryStructure::test_output_directory_structure[html-en-pci-dss] PASSED [ 22%]
tests/test_compliance_framework_output.py::TestOutputDirectoryStructure::test_output_directory_structure[html-en-hipaa] PASSED [ 22%]
tests/test_compliance_framework_output.py::TestOutputDirectoryStructure::test_output_directory_structure[html-en-nist-800-53] PASSED [ 22%]
tests/test_compliance_framework_output.py::TestOutputDirectoryStructure::test_output_directory_structure[html-en-tsc] PASSED [ 22%]
tests/test_compliance_framework_output.py::TestOutputDirectoryStructure::test_output_directory_structure[html-en-common-criteria] PASSED [ 22%]
tests/test_compliance_framework_output.py::TestOutputDirectoryStructure::test_output_directory_structure[html-en-iso-9001] PASSED [ 22%]
tests/test_compliance_framework_output.py::TestOutputDirectoryStructure::test_output_directory_structure[html-en-gdpr] PASSED [ 22%]
tests/test_compliance_framework_output.py::TestOutputDirectoryStructure::test_output_directory_structure[pdf-de-pci-dss] PASSED [ 22%]
tests/test_compliance_framework_output.py::TestOutputDirectoryStructure::test_output_directory_structure[pdf-de-hipaa] PASSED [ 22%]
tests/test_compliance_framework_output.py::TestOutputDirectoryStructure::test_output_directory_structure[pdf-de-nist-800-53] PASSED [ 22%]
tests/test_compliance_framework_output.py::TestOutputDirectoryStructure::test_output_directory_structure[pdf-de-tsc] PASSED [ 23%]
tests/test_compliance_framework_output.py::TestOutputDirectoryStructure::test_output_directory_structure[pdf-de-common-criteria] PASSED [ 23%]
tests/test_compliance_framework_output.py::TestOutputDirectoryStructure::test_output_directory_structure[pdf-de-iso-9001] PASSED [ 23%]
tests/test_compliance_framework_output.py::TestOutputDirectoryStructure::test_output_directory_structure[pdf-de-gdpr] PASSED [ 23%]
tests/test_compliance_framework_output.py::TestOutputDirectoryStructure::test_output_directory_structure[pdf-en-pci-dss] PASSED [ 23%]
tests/test_compliance_framework_output.py::TestOutputDirectoryStructure::test_output_directory_structure[pdf-en-hipaa] PASSED [ 23%]
tests/test_compliance_framework_output.py::TestOutputDirectoryStructure::test_output_directory_structure[pdf-en-nist-800-53] PASSED [ 23%]
tests/test_compliance_framework_output.py::TestOutputDirectoryStructure::test_output_directory_structure[pdf-en-tsc] PASSED [ 23%]
tests/test_compliance_framework_output.py::TestOutputDirectoryStructure::test_output_directory_structure[pdf-en-common-criteria] PASSED [ 23%]
tests/test_compliance_framework_output.py::TestOutputDirectoryStructure::test_output_directory_structure[pdf-en-iso-9001] PASSED [ 23%]
tests/test_compliance_framework_output.py::TestOutputDirectoryStructure::test_output_directory_structure[pdf-en-gdpr] PASSED [ 23%]
tests/test_compliance_framework_output.py::TestOutputDirectoryStructure::test_output_directory_structure[markdown-de-pci-dss] PASSED [ 23%]
tests/test_compliance_framework_output.py::TestOutputDirectoryStructure::test_output_directory_structure[markdown-de-hipaa] PASSED [ 23%]
tests/test_compliance_framework_output.py::TestOutputDirectoryStructure::test_output_directory_structure[markdown-de-nist-800-53] PASSED [ 23%]
tests/test_compliance_framework_output.py::TestOutputDirectoryStructure::test_output_directory_structure[markdown-de-tsc] PASSED [ 23%]
tests/test_compliance_framework_output.py::TestOutputDirectoryStructure::test_output_directory_structure[markdown-de-common-criteria] PASSED [ 23%]
tests/test_compliance_framework_output.py::TestOutputDirectoryStructure::test_output_directory_structure[markdown-de-iso-9001] PASSED [ 23%]
tests/test_compliance_framework_output.py::TestOutputDirectoryStructure::test_output_directory_structure[markdown-de-gdpr] PASSED [ 24%]
tests/test_compliance_framework_output.py::TestOutputDirectoryStructure::test_output_directory_structure[markdown-en-pci-dss] PASSED [ 24%]
tests/test_compliance_framework_output.py::TestOutputDirectoryStructure::test_output_directory_structure[markdown-en-hipaa] PASSED [ 24%]
tests/test_compliance_framework_output.py::TestOutputDirectoryStructure::test_output_directory_structure[markdown-en-nist-800-53] PASSED [ 24%]
tests/test_compliance_framework_output.py::TestOutputDirectoryStructure::test_output_directory_structure[markdown-en-tsc] PASSED [ 24%]
tests/test_compliance_framework_output.py::TestOutputDirectoryStructure::test_output_directory_structure[markdown-en-common-criteria] PASSED [ 24%]
tests/test_compliance_framework_output.py::TestOutputDirectoryStructure::test_output_directory_structure[markdown-en-iso-9001] PASSED [ 24%]
tests/test_compliance_framework_output.py::TestOutputDirectoryStructure::test_output_directory_structure[markdown-en-gdpr] PASSED [ 24%]
tests/test_compliance_framework_output.py::TestOutputDirectoryStructure::test_directory_creation_automatic[pci-dss] PASSED [ 24%]
tests/test_compliance_framework_output.py::TestOutputDirectoryStructure::test_directory_creation_automatic[hipaa] PASSED [ 24%]
tests/test_compliance_framework_output.py::TestOutputDirectoryStructure::test_directory_creation_automatic[nist-800-53] PASSED [ 24%]
tests/test_compliance_framework_output.py::TestOutputDirectoryStructure::test_directory_creation_automatic[tsc] PASSED [ 24%]
tests/test_compliance_framework_output.py::TestOutputDirectoryStructure::test_directory_creation_automatic[common-criteria] PASSED [ 24%]
tests/test_compliance_framework_output.py::TestOutputDirectoryStructure::test_directory_creation_automatic[iso-9001] PASSED [ 24%]
tests/test_compliance_framework_output.py::TestOutputDirectoryStructure::test_directory_creation_automatic[gdpr] PASSED [ 24%]
tests/test_compliance_framework_output.py::TestPropertyBasedOutputGeneration::test_property_17_multi_format_output_generation FAILED [ 24%]
tests/test_compliance_framework_output.py::TestPropertyBasedOutputGeneration::test_property_30_output_format_consistency FAILED [ 25%]
tests/test_compliance_placeholder_extension.py::TestPlaceholderRecognitionForNewFrameworks::test_recognize_netbox_placeholder PASSED [ 25%]
tests/test_compliance_placeholder_extension.py::TestPlaceholderRecognitionForNewFrameworks::test_recognize_meta_placeholder PASSED [ 25%]
tests/test_compliance_placeholder_extension.py::TestPlaceholderRecognitionForNewFrameworks::test_recognize_metadata_author_placeholder PASSED [ 25%]
tests/test_compliance_placeholder_extension.py::TestPlaceholderRecognitionForNewFrameworks::test_recognize_metadata_version_placeholder PASSED [ 25%]
tests/test_compliance_placeholder_extension.py::TestPlaceholderRecognitionForNewFrameworks::test_recognize_metadata_date_placeholder PASSED [ 25%]
tests/test_compliance_placeholder_extension.py::TestPlaceholderRecognitionForNewFrameworks::test_recognize_multiple_source_types PASSED [ 25%]
tests/test_compliance_placeholder_extension.py::TestPlaceholderRecognitionForNewFrameworks::test_recognize_nested_field_paths PASSED [ 25%]
tests/test_compliance_placeholder_extension.py::TestPlaceholderPreservationOnMissingData::test_preserve_placeholder_when_source_unavailable PASSED [ 25%]
tests/test_compliance_placeholder_extension.py::TestPlaceholderPreservationOnMissingData::test_preserve_placeholder_when_field_not_found PASSED [ 25%]
tests/test_compliance_placeholder_extension.py::TestPlaceholderPreservationOnMissingData::test_log_missing_data_for_debugging PASSED [ 25%]
tests/test_compliance_placeholder_extension.py::TestPlaceholderPreservationOnMissingData::test_preserve_original_placeholder_text_exactly PASSED [ 25%]
tests/test_compliance_placeholder_extension.py::TestPlaceholderPreservationOnMissingData::test_mixed_available_and_unavailable_data PASSED [ 25%]
tests/test_compliance_placeholder_extension.py::TestPlaceholderProcessingUnitTests::test_placeholder_recognition_with_hyphens_in_source PASSED [ 25%]
tests/test_compliance_placeholder_extension.py::TestPlaceholderProcessingUnitTests::test_data_substitution_with_netbox_source PASSED [ 25%]
tests/test_compliance_placeholder_extension.py::TestPlaceholderProcessingUnitTests::test_data_substitution_with_meta_source PASSED [ 25%]
tests/test_compliance_placeholder_extension.py::TestPlaceholderProcessingUnitTests::test_fallback_behavior_for_missing_source PASSED [ 25%]
tests/test_compliance_placeholder_extension.py::TestPlaceholderProcessingUnitTests::test_fallback_behavior_for_missing_field PASSED [ 26%]
tests/test_compliance_placeholder_extension.py::TestPlaceholderProcessingUnitTests::test_empty_template_handling PASSED [ 26%]
tests/test_compliance_placeholder_extension.py::TestPlaceholderProcessingUnitTests::test_template_with_no_placeholders PASSED [ 26%]
tests/test_compliance_placeholder_extension.py::TestProperty15PlaceholderRecognition::test_property_15_placeholder_recognition PASSED [ 26%]
tests/test_compliance_placeholder_extension.py::TestProperty15PlaceholderRecognition::test_property_15_source_type_recognition PASSED [ 26%]
tests/test_compliance_placeholder_extension.py::TestProperty16PlaceholderPreservation::test_property_16_placeholder_preservation_on_missing_data PASSED [ 26%]
tests/test_compliance_placeholder_extension.py::TestProperty16PlaceholderPreservation::test_property_16_preservation_across_multiple_sources PASSED [ 26%]
tests/test_compliance_placeholder_extension.py::TestProperty16PlaceholderPreservation::test_property_16_exact_preservation_of_placeholder_text PASSED [ 26%]
tests/test_comprehensive_properties.py::TestTemplateTypeDiscovery::test_all_template_types_discoverable PASSED [ 26%]
tests/test_comprehensive_properties.py::TestTemplateTypeDiscovery::test_bilingual_support_for_template_types PASSED [ 26%]
tests/test_comprehensive_properties.py::TestTemplateTypeDiscovery::test_property_template_type_discovery PASSED [ 26%]
tests/test_comprehensive_properties.py::TestTemplateTypeDiscovery::test_template_directory_structure PASSED [ 26%]
tests/test_comprehensive_properties.py::TestTemplateTypeDiscovery::test_property_template_type_consistency PASSED [ 26%]
tests/test_comprehensive_properties.py::TestPlaceholderProcessingIndependence::test_meta_placeholders_work_across_template_types PASSED [ 26%]
tests/test_comprehensive_properties.py::TestPlaceholderProcessingIndependence::test_netbox_placeholders_work_across_template_types PASSED [ 26%]
tests/test_comprehensive_properties.py::TestPlaceholderProcessingIndependence::test_property_placeholder_processing_independence PASSED [ 26%]
tests/test_comprehensive_properties.py::TestPlaceholderProcessingIndependence::test_mixed_placeholders_work_together PASSED [ 26%]
tests/test_comprehensive_properties.py::TestPlaceholderProcessingIndependence::test_property_mixed_placeholder_independence PASSED [ 27%]
tests/test_comprehensive_properties.py::TestPlaceholderProcessingIndependence::test_placeholder_syntax_consistency PASSED [ 27%]
tests/test_comprehensive_properties.py::TestTemplateNumberingSequence::test_template_numbering_no_duplicates PASSED [ 27%]
tests/test_comprehensive_properties.py::TestTemplateNumberingSequence::test_template_numbering_ascending_order PASSED [ 27%]
tests/test_comprehensive_properties.py::TestTemplateNumberingSequence::test_template_numbering_four_digits PASSED [ 27%]
tests/test_comprehensive_properties.py::TestTemplateNumberingSequence::test_property_template_numbering_sequence PASSED [ 27%]
tests/test_comprehensive_properties.py::TestTemplateNumberingSequence::test_bcm_template_numbering_range PASSED [ 27%]
tests/test_comprehensive_properties.py::TestTemplateNumberingSequence::test_isms_template_numbering_range PASSED [ 27%]
tests/test_comprehensive_properties.py::TestTemplateNumberingSequence::test_bsi_template_numbering_range PASSED [ 27%]
tests/test_comprehensive_properties.py::TestTemplateNumberingSequence::test_property_template_type_numbering_ranges PASSED [ 27%]
tests/test_comprehensive_properties.py::TestOutputStructureConsistency::test_output_directory_structure_pattern SKIPPED [ 27%]
tests/test_comprehensive_properties.py::TestOutputStructureConsistency::test_output_filename_pattern SKIPPED [ 27%]
tests/test_comprehensive_properties.py::TestOutputStructureConsistency::test_property_output_structure_consistency PASSED [ 27%]
tests/test_comprehensive_properties.py::TestOutputStructureConsistency::test_output_directory_creation_pattern PASSED [ 27%]
tests/test_comprehensive_properties.py::TestOutputStructureConsistency::test_property_bilingual_output_structure PASSED [ 27%]
tests/test_comprehensive_properties.py::TestBackwardCompatibility::test_it_operation_templates_still_work PASSED [ 27%]
tests/test_comprehensive_properties.py::TestBackwardCompatibility::test_existing_placeholder_syntax_still_works PASSED [ 27%]
tests/test_comprehensive_properties.py::TestBackwardCompatibility::test_property_backward_compatibility PASSED [ 28%]
tests/test_comprehensive_properties.py::TestBackwardCompatibility::test_template_manager_api_unchanged PASSED [ 28%]
tests/test_comprehensive_properties.py::TestBackwardCompatibility::test_placeholder_processor_api_unchanged PASSED [ 28%]
tests/test_comprehensive_properties.py::TestHTMLCommentMultilineHandling::test_multiline_comment_removal PASSED [ 28%]
tests/test_comprehensive_properties.py::TestHTMLCommentMultilineHandling::test_multiple_multiline_comments PASSED [ 28%]
tests/test_comprehensive_properties.py::TestHTMLCommentMultilineHandling::test_property_multiline_comment_removal PASSED [ 28%]
tests/test_comprehensive_properties.py::TestHTMLCommentMultilineHandling::test_comment_with_markdown_inside PASSED [ 28%]
tests/test_comprehensive_properties.py::TestHTMLCommentMultilineHandling::test_property_comment_content_removal FAILED [ 28%]
tests/test_comprehensive_properties.py::TestPlaceholderSyntaxValidation::test_valid_placeholder_syntax_detected PASSED [ 28%]
tests/test_comprehensive_properties.py::TestPlaceholderSyntaxValidation::test_invalid_placeholder_syntax_not_detected PASSED [ 28%]
tests/test_comprehensive_properties.py::TestPlaceholderSyntaxValidation::test_property_placeholder_syntax_validation PASSED [ 28%]
tests/test_comprehensive_properties.py::TestPlaceholderSyntaxValidation::test_nested_field_paths_supported PASSED [ 28%]
tests/test_comprehensive_properties.py::TestPlaceholderSyntaxValidation::test_property_multiple_placeholders_detection PASSED [ 28%]
tests/test_comprehensive_properties.py::TestTemplateREADMEPresence::test_bcm_readme_exists_both_languages PASSED [ 28%]
tests/test_comprehensive_properties.py::TestTemplateREADMEPresence::test_isms_readme_exists_both_languages PASSED [ 28%]
tests/test_comprehensive_properties.py::TestTemplateREADMEPresence::test_bsi_readme_exists_both_languages PASSED [ 28%]
tests/test_comprehensive_properties.py::TestTemplateREADMEPresence::test_property_readme_presence PASSED [ 28%]
tests/test_comprehensive_properties.py::TestTemplateREADMEPresence::test_readme_documents_template_structure PASSED [ 29%]
tests/test_comprehensive_properties.py::TestTemplateREADMEPresence::test_readme_documents_placeholder_usage PASSED [ 29%]
tests/test_comprehensive_properties.py::TestTemplateREADMEPresence::test_readme_documents_framework_compliance PASSED [ 29%]
tests/test_comprehensive_properties.py::TestTemplateREADMEPresence::test_property_bilingual_readme_consistency PASSED [ 29%]
tests/test_comprehensive_properties.py::TestPerHandbookMetadataIndependence::test_property_handbook_metadata_independence PASSED [ 29%]
tests/test_comprehensive_properties.py::TestPerHandbookMetadataIndependence::test_property_all_handbooks_have_unique_versions PASSED [ 29%]
tests/test_comprehensive_properties.py::TestPerHandbookMetadataIndependence::test_property_all_handbooks_have_unique_owners PASSED [ 29%]
tests/test_comprehensive_properties.py::TestPerHandbookMetadataIndependence::test_property_all_handbooks_have_unique_approvers PASSED [ 29%]
tests/test_comprehensive_properties.py::TestPerHandbookMetadataIndependence::test_property_all_handbooks_have_unique_dates PASSED [ 29%]
tests/test_comprehensive_properties.py::TestPerHandbookMetadataIndependence::test_handbook_metadata_isolation PASSED [ 29%]
tests/test_comprehensive_properties.py::TestHandbookPlaceholderSupport::test_property_handbook_placeholder_replacement PASSED [ 29%]
tests/test_comprehensive_properties.py::TestHandbookPlaceholderSupport::test_property_handbook_placeholder_independence PASSED [ 29%]
tests/test_comprehensive_properties.py::TestHandbookPlaceholderSupport::test_property_all_handbook_placeholders_work_together PASSED [ 29%]
tests/test_comprehensive_properties.py::TestHandbookPlaceholderSupport::test_handbook_placeholder_without_setting_type PASSED [ 29%]
tests/test_comprehensive_properties.py::TestHandbookPlaceholderSupport::test_property_handbook_placeholder_with_missing_metadata PASSED [ 29%]
tests/test_comprehensive_properties.py::TestHandbookPlaceholderSupport::test_property_switching_handbook_types PASSED [ 29%]
tests/test_comprehensive_properties.py::TestNetBoxMetadataLoading::test_netbox_metadata_structure PASSED [ 29%]
tests/test_comprehensive_properties.py::TestNetBoxMetadataLoading::test_netbox_metadata_once_per_run PASSED [ 30%]
tests/test_comprehensive_properties.py::TestNetBoxMetadataLoading::test_netbox_contact_data_preservation PASSED [ 30%]
tests/test_comprehensive_properties.py::TestNetBoxRoleDistinctionApplication::test_role_distinction_method_application PASSED [ 30%]
tests/test_comprehensive_properties.py::TestNetBoxRoleDistinctionApplication::test_field_based_role_mapping_consistency PASSED [ 30%]
tests/test_comprehensive_properties.py::TestNetBoxRoleDistinctionApplication::test_name_based_role_mapping_consistency PASSED [ 30%]
tests/test_comprehensive_properties.py::TestNetBoxRoleDistinctionApplication::test_role_mapping_with_and_without_configuration PASSED [ 30%]
tests/test_comprehensive_properties.py::TestMetaNetBoxPlaceholderSupport::test_meta_netbox_placeholder_replacement PASSED [ 30%]
tests/test_comprehensive_properties.py::TestMetaNetBoxPlaceholderSupport::test_meta_and_meta_netbox_independence PASSED [ 30%]
tests/test_comprehensive_properties.py::TestMetaNetBoxPlaceholderSupport::test_meta_netbox_placeholder_with_nonexistent_field PASSED [ 30%]
tests/test_comprehensive_properties.py::TestMetaNetBoxPlaceholderSupport::test_meta_netbox_placeholder_with_nested_paths PASSED [ 30%]
tests/test_comprehensive_properties.py::TestMetaNetBoxPlaceholderSupport::test_meta_netbox_placeholder_syntax_with_hyphens PASSED [ 30%]
tests/test_comprehensive_properties.py::TestExtendedRoleSupport::test_extended_role_placeholder_replacement PASSED [ 30%]
tests/test_comprehensive_properties.py::TestExtendedRoleSupport::test_extended_role_title_translation PASSED [ 30%]
tests/test_comprehensive_properties.py::TestExtendedRoleSupport::test_extended_role_in_template_processing PASSED [ 30%]
tests/test_comprehensive_properties.py::TestExtendedRoleSupport::test_multiple_extended_roles_in_template PASSED [ 30%]
tests/test_comprehensive_properties.py::TestExtendedRoleSupport::test_extended_role_translation_consistency PASSED [ 30%]
tests/test_comprehensive_properties.py::TestExtendedRoleSupport::test_all_extended_roles_defined_in_metadata PASSED [ 30%]
tests/test_comprehensive_properties.py::TestExtendedRoleSupport::test_extended_role_non_title_fields_unchanged_by_language PASSED [ 31%]
tests/test_comprehensive_properties.py::TestSeparateMarkdownFileGeneration::test_separate_files_created_with_correct_naming PASSED [ 31%]
tests/test_comprehensive_properties.py::TestSeparateMarkdownFileGeneration::test_toc_contains_all_templates_with_valid_links PASSED [ 31%]
tests/test_comprehensive_properties.py::TestSeparateMarkdownFileGeneration::test_no_combined_file_created_in_separate_mode PASSED [ 31%]
tests/test_comprehensive_properties.py::TestSeparateMarkdownFileGeneration::test_separate_files_content_preserved PASSED [ 31%]
tests/test_comprehensive_properties.py::TestSeparateMarkdownFileGeneration::test_separate_files_require_test_mode PASSED [ 31%]
tests/test_comprehensive_properties.py::TestPDFTableOfContents::test_toc_includes_all_templates PASSED [ 31%]
tests/test_comprehensive_properties.py::TestPDFTableOfContents::test_page_breaks_inserted_between_templates PASSED [ 31%]
tests/test_comprehensive_properties.py::TestPDFTableOfContents::test_anchor_ids_correctly_generated PASSED [ 31%]
tests/test_comprehensive_properties.py::TestPDFTableOfContents::test_pdf_with_toc_test_mode_validation PASSED [ 31%]
tests/test_comprehensive_properties.py::TestPDFTableOfContents::test_pdf_with_toc_output_directory_structure SKIPPED [ 31%]
tests/test_config_manager.py::test_property_9_configuration_parsing PASSED [ 31%]
tests/test_config_manager.py::test_property_22_multi_source_configuration_support PASSED [ 31%]
tests/test_config_manager.py::test_missing_config_file PASSED            [ 31%]
tests/test_config_manager.py::test_invalid_yaml_syntax PASSED            [ 31%]
tests/test_config_manager.py::test_missing_required_url_field PASSED     [ 31%]
tests/test_config_manager.py::test_missing_required_api_token_field PASSED [ 31%]
tests/test_config_manager.py::test_empty_config_file PASSED              [ 32%]
tests/test_config_manager.py::test_create_default_config PASSED          [ 32%]
tests/test_config_manager.py::test_create_default_config_already_exists PASSED [ 32%]
tests/test_config_manager.py::test_ensure_gitignore PASSED               [ 32%]
tests/test_config_manager.py::test_ensure_gitignore_already_present PASSED [ 32%]
tests/test_config_manager.py::test_config_netbox_properties PASSED       [ 32%]
tests/test_config_manager.py::test_config_netbox_properties_missing PASSED [ 32%]
tests/test_config_manager.py::test_property_10_invalid_configuration_handling PASSED [ 32%]
tests/test_config_manager.py::test_load_config_with_metadata PASSED      [ 32%]
tests/test_config_manager.py::test_load_config_without_metadata PASSED   [ 32%]
tests/test_config_manager.py::test_load_config_with_invalid_metadata PASSED [ 32%]
tests/test_config_manager.py::test_ensure_metadata_file_creates_default PASSED [ 32%]
tests/test_config_manager.py::test_ensure_metadata_file_already_exists PASSED [ 32%]
tests/test_config_manager.py::test_config_metadata_field_optional PASSED [ 32%]
tests/test_config_manager.py::test_property_20_configuration_file_separation PASSED [ 32%]
tests/test_config_manager_netbox_metadata.py::TestConfigManagerNetBoxMetadata::test_load_netbox_metadata_success PASSED [ 32%]
tests/test_config_manager_netbox_metadata.py::TestConfigManagerNetBoxMetadata::test_load_netbox_metadata_file_not_found PASSED [ 32%]
tests/test_config_manager_netbox_metadata.py::TestConfigManagerNetBoxMetadata::test_load_netbox_metadata_default_path PASSED [ 33%]
tests/test_config_manager_netbox_metadata.py::TestConfigManagerNetBoxMetadata::test_load_netbox_metadata_invalid_yaml PASSED [ 33%]
tests/test_config_manager_netbox_metadata.py::TestConfigManagerNetBoxMetadata::test_load_netbox_metadata_empty_file PASSED [ 33%]
tests/test_config_manager_netbox_metadata.py::TestConfigManagerNetBoxMetadata::test_load_netbox_metadata_invalid_structure PASSED [ 33%]
tests/test_config_manager_netbox_metadata.py::TestConfigManagerNetBoxMetadata::test_load_netbox_metadata_with_nested_structure PASSED [ 33%]
tests/test_coso_properties.py::TestCOSOTemplateNumberingRangeCoverage::test_coso_minimum_template_range_german PASSED [ 33%]
tests/test_coso_properties.py::TestCOSOTemplateNumberingRangeCoverage::test_coso_minimum_template_range_english PASSED [ 33%]
tests/test_coso_properties.py::TestCOSOBilingualTemplateConsistency::test_coso_bilingual_filename_consistency PASSED [ 33%]
tests/test_coso_properties.py::TestCOSOBilingualTemplateConsistency::test_coso_metadata_template_consistency PASSED [ 33%]
tests/test_coso_properties.py::TestCOSOBilingualTemplateConsistency::test_coso_documentation_files_exist PASSED [ 33%]
tests/test_csa_ccm_properties.py::TestCSACCMTemplateNumberingRangeCoverage::test_csa_ccm_minimum_template_range_german PASSED [ 33%]
tests/test_csa_ccm_properties.py::TestCSACCMTemplateNumberingRangeCoverage::test_csa_ccm_minimum_template_range_english PASSED [ 33%]
tests/test_csa_ccm_properties.py::TestCSACCMTemplateNumberingRangeCoverage::test_property_csa_ccm_template_range_coverage PASSED [ 33%]
tests/test_csa_ccm_properties.py::TestCSACCMBilingualTemplateConsistency::test_csa_ccm_bilingual_filename_consistency PASSED [ 33%]
tests/test_csa_ccm_properties.py::TestCSACCMBilingualTemplateConsistency::test_csa_ccm_metadata_files_exist PASSED [ 33%]
tests/test_csa_ccm_properties.py::TestCSACCMBilingualTemplateConsistency::test_csa_ccm_documentation_files_exist PASSED [ 33%]
tests/test_csa_ccm_properties.py::TestCSACCMBilingualTemplateConsistency::test_csa_ccm_template_header_structure PASSED [ 33%]
tests/test_csa_ccm_properties.py::TestCSACCMBilingualTemplateConsistency::test_property_csa_ccm_bilingual_consistency PASSED [ 34%]
tests/test_csa_ccm_properties.py::TestCSACCMBilingualTemplateConsistency::test_csa_ccm_diagrams_directory_exists PASSED [ 34%]
tests/test_dora_properties.py::TestDORATemplateNumberingRangeCoverage::test_dora_minimum_template_range_german PASSED [ 34%]
tests/test_dora_properties.py::TestDORATemplateNumberingRangeCoverage::test_dora_minimum_template_range_english PASSED [ 34%]
tests/test_dora_properties.py::TestDORABilingualTemplateConsistency::test_dora_bilingual_filename_consistency PASSED [ 34%]
tests/test_dora_properties.py::TestDORABilingualTemplateConsistency::test_dora_metadata_template_consistency PASSED [ 34%]
tests/test_dora_properties.py::TestDORABilingualTemplateConsistency::test_dora_documentation_files_exist PASSED [ 34%]
tests/test_error_handler.py::test_template_not_found_error PASSED        [ 34%]
tests/test_error_handler.py::test_template_not_found_error_no_templates PASSED [ 34%]
tests/test_error_handler.py::test_api_connection_error_401 PASSED        [ 34%]
tests/test_error_handler.py::test_api_connection_error_403 PASSED        [ 34%]
tests/test_error_handler.py::test_api_connection_error_404 PASSED        [ 34%]
tests/test_error_handler.py::test_api_connection_error_500 PASSED        [ 34%]
tests/test_error_handler.py::test_api_connection_error_no_status_code PASSED [ 34%]
tests/test_error_handler.py::test_placeholder_error_field_not_found PASSED [ 34%]
tests/test_error_handler.py::test_placeholder_error_invalid_format PASSED [ 34%]
tests/test_error_handler.py::test_placeholder_error_not_alone_in_line PASSED [ 34%]
tests/test_error_handler.py::test_placeholder_error_with_custom_suggestion PASSED [ 35%]
tests/test_error_handler.py::test_configuration_error PASSED             [ 35%]
tests/test_error_handler.py::test_configuration_error_only_missing PASSED [ 35%]
tests/test_error_handler.py::test_configuration_error_only_invalid PASSED [ 35%]
tests/test_error_handler.py::test_empty_template_directory_error PASSED  [ 35%]
tests/test_error_handler.py::test_invalid_filename_warning PASSED        [ 35%]
tests/test_extended_roles.py::TestExtendedRolesInMetadata::test_all_extended_roles_defined PASSED [ 35%]
tests/test_extended_roles.py::TestExtendedRolesInMetadata::test_sysop_role_fields PASSED [ 35%]
tests/test_extended_roles.py::TestExtendedRolesInMetadata::test_datenschutzbeauftragter_role_fields PASSED [ 35%]
tests/test_extended_roles.py::TestExtendedRolesInMetadata::test_risikomanager_role_fields PASSED [ 35%]
tests/test_extended_roles.py::TestExtendedRolesInMetadata::test_interner_auditor_role_fields PASSED [ 35%]
tests/test_extended_roles.py::TestExtendedRolesInMetadata::test_personalleitung_role_fields PASSED [ 35%]
tests/test_extended_roles.py::TestExtendedRolesInMetadata::test_it_manager_role_fields PASSED [ 35%]
tests/test_extended_roles.py::TestExtendedRolePlaceholders::test_sysop_placeholder_replacement PASSED [ 35%]
tests/test_extended_roles.py::TestExtendedRolePlaceholders::test_datenschutzbeauftragter_placeholder_replacement PASSED [ 35%]
tests/test_extended_roles.py::TestExtendedRolePlaceholders::test_risikomanager_placeholder_replacement PASSED [ 35%]
tests/test_extended_roles.py::TestExtendedRolePlaceholders::test_interner_auditor_placeholder_replacement PASSED [ 35%]
tests/test_extended_roles.py::TestExtendedRolePlaceholders::test_personalleitung_placeholder_replacement PASSED [ 36%]
tests/test_extended_roles.py::TestExtendedRolePlaceholders::test_it_manager_placeholder_replacement PASSED [ 36%]
tests/test_extended_roles.py::TestGermanToEnglishRoleTranslation::test_german_titles_in_german_templates PASSED [ 36%]
tests/test_extended_roles.py::TestGermanToEnglishRoleTranslation::test_german_titles_translated_in_english_templates PASSED [ 36%]
tests/test_extended_roles.py::TestGermanToEnglishRoleTranslation::test_translation_only_affects_title_field PASSED [ 36%]
tests/test_extended_roles.py::TestGermanToEnglishRoleTranslation::test_all_translation_mappings PASSED [ 36%]
tests/test_extended_roles.py::TestExtendedRolesIntegration::test_extended_roles_in_template_processing PASSED [ 36%]
tests/test_framework_properties_phase2.py::TestProperty2TemplateNumberingIncrements::test_property_2_template_numbering_increments_german[iso-38500-ISO/IEC 38500] FAILED [ 36%]
tests/test_framework_properties_phase2.py::TestProperty2TemplateNumberingIncrements::test_property_2_template_numbering_increments_german[iso-31000-ISO 31000] FAILED [ 36%]
tests/test_framework_properties_phase2.py::TestProperty2TemplateNumberingIncrements::test_property_2_template_numbering_increments_german[csa-ccm-CSA CCM] FAILED [ 36%]
tests/test_framework_properties_phase2.py::TestProperty2TemplateNumberingIncrements::test_property_2_template_numbering_increments_german[tisax-TISAX] FAILED [ 36%]
tests/test_framework_properties_phase2.py::TestProperty2TemplateNumberingIncrements::test_property_2_template_numbering_increments_german[soc1-SOC 1] FAILED [ 36%]
tests/test_framework_properties_phase2.py::TestProperty2TemplateNumberingIncrements::test_property_2_template_numbering_increments_german[coso-COSO] FAILED [ 36%]
tests/test_framework_properties_phase2.py::TestProperty2TemplateNumberingIncrements::test_property_2_template_numbering_increments_german[dora-DORA] FAILED [ 36%]
tests/test_framework_properties_phase2.py::TestProperty2TemplateNumberingIncrements::test_property_2_template_numbering_increments_english[iso-38500-ISO/IEC 38500] FAILED [ 36%]
tests/test_framework_properties_phase2.py::TestProperty2TemplateNumberingIncrements::test_property_2_template_numbering_increments_english[iso-31000-ISO 31000] FAILED [ 36%]
tests/test_framework_properties_phase2.py::TestProperty2TemplateNumberingIncrements::test_property_2_template_numbering_increments_english[csa-ccm-CSA CCM] FAILED [ 36%]
tests/test_framework_properties_phase2.py::TestProperty2TemplateNumberingIncrements::test_property_2_template_numbering_increments_english[tisax-TISAX] FAILED [ 37%]
[...]
0_oversight.md', 'templates/en/nist-csf/0520_communications.md', 'templates/en/nist-csf/0600_implementation_tiers.md', 'templates/en/nist-csf/0220_data_security.md', 'templates/en/nist-csf/0420_analysis.md', 'templates/en/nist-csf/0130_risk_assessment.md', 'templates/en/nist-csf/0140_risk_management_strategy.md', 'templates/en/nist-csf/0070_supply_chain_risk_management.md', 'templates/en/nist-csf/0200_identity_access_control.md', 'templates/en/idw-ps-951/0210_change_management.md', 'templates/en/idw-ps-951/0520_encryption.md', 'templates/en/idw-ps-951/0530_security_monitoring.md', 'templates/en/idw-ps-951/0340_data_integrity.md', 'templates/en/idw-ps-951/0130_it_steering_committees.md', 'templates/en/idw-ps-951/0510_access_control.md', 'templates/en/idw-ps-951/0050_timeline_milestones.md', 'templates/en/idw-ps-951/0400_it_infrastructure_operations.md', 'templates/en/idw-ps-951/0500_it_security_data_protection.md', 'templates/en/idw-ps-951/0200_it_processes_overview.md', 'templates/en/idw-ps-951/0230_problem_management.md', 'templates/en/idw-ps-951/0020_audit_scope_definition.md', 'templates/en/idw-ps-951/0240_release_management.md', 'templates/en/idw-ps-951/0540_data_protection_compliance.md', 'templates/en/idw-ps-951/0010_audit_planning_overview.md', 'templates/en/idw-ps-951/0110_it_governance_structure.md', 'templates/en/idw-ps-951/0030_risk_assessment.md', 'templates/en/idw-ps-951/0140_it_service_management.md', 'templates/en/idw-ps-951/0420_network_infrastructure.md', 'templates/en/idw-ps-951/0320_application_controls.md', 'templates/en/idw-ps-951/0300_it_systems_applications.md', 'templates/en/idw-ps-951/0440_backup_recovery.md', 'templates/en/idw-ps-951/0100_it_strategy_evaluation.md', 'templates/en/idw-ps-951/0410_server_storage.md', 'templates/en/idw-ps-951/0430_database_systems.md', 'templates/en/idw-ps-951/0450_operations_procedures.md', 'templates/en/idw-ps-951/0220_incident_management.md', 'templates/en/idw-ps-951/0550_privacy_controls.md', 'templates/en/idw-ps-951/0310_system_architecture.md', 'templates/en/idw-ps-951/0330_interface_management.md', 'templates/en/idw-ps-951/0040_audit_team_resources.md', 'templates/en/idw-ps-951/0120_it_organization_roles.md', 'templates/en/idw-ps-951/0250_configuration_management.md'])
FAILED tests/test_nist_800_53_control_family_coverage.py::TestNIST80053ControlFamilyCoverage::test_nist_800_53_framework_mapping_exists - AssertionError: German NIST 800-53 FRAMEWORK_MAPPING.md should exist
assert False
 +  where False = exists()
 +    where exists = PosixPath('templates/de/nist-800-53/FRAMEWORK_MAPPING.md').exists
FAILED tests/test_nist_800_53_control_family_coverage.py::TestNIST80053ControlFamilyCoverage::test_nist_800_53_all_20_control_families_covered - FileNotFoundError: [Errno 2] No such file or directory: 'templates/de/nist-800-53/FRAMEWORK_MAPPING.md'
FAILED tests/test_nist_800_53_control_family_coverage.py::TestNIST80053ControlFamilyCoverage::test_property_23_nist_800_53_control_family_coverage - AssertionError: FRAMEWORK_MAPPING.md should exist in templates/de/nist-800-53
assert False
 +  where False = exists()
 +    where exists = PosixPath('templates/de/nist-800-53/FRAMEWORK_MAPPING.md').exists
Falsifying example: test_property_23_nist_800_53_control_family_coverage(
    self=<tests.test_nist_800_53_control_family_coverage.TestNIST80053ControlFamilyCoverage object at 0x7da1b64aa450>,
    language='de',
    control_family='AC',
)
FAILED tests/test_nist_800_53_control_family_coverage.py::TestNIST80053ControlFamilyCoverage::test_nist_800_53_control_family_to_template_mapping - FileNotFoundError: [Errno 2] No such file or directory: 'templates/de/nist-800-53/FRAMEWORK_MAPPING.md'
FAILED tests/test_nist_800_53_control_family_coverage.py::TestNIST80053ControlFamilyCoverage::test_nist_800_53_coverage_complete - FileNotFoundError: [Errno 2] No such file or directory: 'templates/de/nist-800-53/FRAMEWORK_MAPPING.md'
FAILED tests/test_nist_800_53_control_family_coverage.py::TestNIST80053ControlFamilyCoverage::test_property_23_bilingual_consistency - AssertionError: FRAMEWORK_MAPPING.md should exist for language 'de'
assert False
 +  where False = exists()
 +    where exists = PosixPath('templates/de/nist-800-53/FRAMEWORK_MAPPING.md').exists
Falsifying example: test_property_23_bilingual_consistency(
    self=<tests.test_nist_800_53_control_family_coverage.TestNIST80053ControlFamilyCoverage object at 0x7da1b64a9760>,
    language='de',
)
FAILED tests/test_output_generator.py::test_generate_markdown_basic - AssertionError: assert 'backup' == 'markdown'
  
  - markdown
  + backup
FAILED tests/test_output_generator.py::test_test_mode_enabled_allows_markdown_generation - AssertionError: assert 'backup' == 'markdown'
  
  - markdown
  + backup
FAILED tests/test_output_generator.py::test_cis_controls_combined_markdown_generation - AssertionError: assert 'cis-controls' == 'markdown'
  
  - markdown
  + cis-controls
FAILED tests/test_output_generator.py::test_cis_controls_english_markdown_generation - AssertionError: assert 'test-output' == 'en'
  
  - en
  + test-output
FAILED tests/test_pci_dss_requirement_coverage.py::TestPCIDSSRequirementCoverage::test_pci_dss_framework_mapping_exists - AssertionError: German PCI-DSS FRAMEWORK_MAPPING.md should exist
assert False
 +  where False = exists()
 +    where exists = PosixPath('templates/de/pci-dss/FRAMEWORK_MAPPING.md').exists
FAILED tests/test_pci_dss_requirement_coverage.py::TestPCIDSSRequirementCoverage::test_pci_dss_all_12_requirements_covered - FileNotFoundError: [Errno 2] No such file or directory: 'templates/de/pci-dss/FRAMEWORK_MAPPING.md'
FAILED tests/test_pci_dss_requirement_coverage.py::TestPCIDSSRequirementCoverage::test_property_21_pci_dss_requirement_coverage - AssertionError: FRAMEWORK_MAPPING.md should exist in templates/de/pci-dss
assert False
 +  where False = exists()
 +    where exists = PosixPath('templates/de/pci-dss/FRAMEWORK_MAPPING.md').exists
Falsifying example: test_property_21_pci_dss_requirement_coverage(
    self=<tests.test_pci_dss_requirement_coverage.TestPCIDSSRequirementCoverage object at 0x7da1b6561550>,
    language='de',
    requirement_number=1,
)
FAILED tests/test_pci_dss_requirement_coverage.py::TestPCIDSSRequirementCoverage::test_pci_dss_requirement_to_template_mapping - FileNotFoundError: [Errno 2] No such file or directory: 'templates/de/pci-dss/FRAMEWORK_MAPPING.md'
FAILED tests/test_pci_dss_requirement_coverage.py::TestPCIDSSRequirementCoverage::test_pci_dss_coverage_gaps_documented - FileNotFoundError: [Errno 2] No such file or directory: 'templates/de/pci-dss/FRAMEWORK_MAPPING.md'
FAILED tests/test_pci_dss_requirement_coverage.py::TestPCIDSSRequirementCoverage::test_property_21_bilingual_consistency - AssertionError: FRAMEWORK_MAPPING.md should exist for language 'de'
assert False
 +  where False = exists()
 +    where exists = PosixPath('templates/de/pci-dss/FRAMEWORK_MAPPING.md').exists
Falsifying example: test_property_21_bilingual_consistency(
    self=<tests.test_pci_dss_requirement_coverage.TestPCIDSSRequirementCoverage object at 0x7da1b6546870>,
    language='de',
)
FAILED tests/test_placeholder_processor.py::TestPlaceholderValidation::test_property_4_placeholder_line_validation - AssertionError: Should generate warning when placeholder is not alone on line
assert None is not None
Falsifying example: test_property_4_placeholder_line_validation(
    self=<tests.test_placeholder_processor.TestPlaceholderValidation object at 0x7da1b63fa360>,
    placeholder_text='{{A.A}}',
    has_extra_content=True,
    extra_content='\x85',
)
FAILED tests/test_placeholder_processor.py::TestTemplatePassThrough::test_property_5_template_pass_through - ExceptionGroup: Hypothesis found 2 distinct failures. (2 sub-exceptions)
FAILED tests/test_placeholder_processor.py::TestPlaceholderReplacement::test_property_8_placeholder_replacement - AssertionError: Placeholder not replaced in line: {{
assert '{{' not in '{{'
  
  '{{' is contained here:
    {{
Falsifying example: test_property_8_placeholder_replacement(
    self=<tests.test_placeholder_processor.TestPlaceholderReplacement object at 0x7da1b63fb500>,
    num_placeholders=1,
    data=data(...),
)
Draw 1: 'netbox'
Draw 2: 'A'
Draw 3: '{{'
FAILED tests/test_placeholder_processor.py::TestMissingFieldHandling::test_property_7_missing_field_handling - AssertionError: Expected 1 unchanged placeholders, found 2
assert 2 == 1
Falsifying example: test_property_7_missing_field_handling(
    self=<tests.test_placeholder_processor.TestMissingFieldHandling object at 0x7da1b63fbdd0>,
    num_valid_fields=1,
    num_missing_fields=1,
    data=data(...),
)
Draw 1: 'a'
Draw 2: '{{'
Draw 3: 'b'
Explanation:
    These lines were always and only run by failing examples:
        /home/andreas/kiro/Handbook-Generator/tests/test_placeholder_processor.py:624
FAILED tests/test_placeholder_processor.py::TestAdapterRouting::test_property_21_data_source_adapter_routing - AssertionError: Expected 1 unknown source warnings, got 0
assert 0 == 1
Falsifying example: test_property_21_data_source_adapter_routing(
    self=<tests.test_placeholder_processor.TestAdapterRouting object at 0x7da1b63fb170>,
    num_sources=1,
    num_placeholders=1,
    data=data(...),
)
Draw 1: 'netbox'
Draw 2: False
Draw 3: 'unknown1'
FAILED tests/test_placeholder_processor.py::TestMetadataPlaceholders::test_property_14_version_number_fallback - AssertionError: Default version '0.0.6' should be used when not specified
assert '0.0.6' in '# Handbook Metadata\n\nVersion: 0.0.9\nAuthor: Andreas Huemmer [andreas.huemmer@adminsend.de]\nDate: 2026-02-11\n'
 +  where '# Handbook Metadata\n\nVersion: 0.0.9\nAuthor: Andreas Huemmer [andreas.huemmer@adminsend.de]\nDate: 2026-02-11\n' = ProcessingResult(content='# Handbook Metadata\n\nVersion: 0.0.9\nAuthor: Andreas Huemmer [andreas.huemmer@adminsend.de]\nDate: 2026-02-11\n', replacements=[Replacement(placeholder='{{ metadata.version }}', value='0.0.9', source='metadata', line_number=3), Replacement(placeholder='{{ metadata.author }}', value='Andreas Huemmer [andreas.huemmer@adminsend.de]', source='metadata', line_number=4), Replacement(placeholder='{{ metadata.date }}', value='2026-02-11', source='metadata', line_number=5)], warnings=['Placeholder error: not_alone_in_line\nLine: 3\nPlaceholder: {{ metadata.version }}\n\nSuggestion: Place placeholder on its own line\n  - Placeholders must be the only content on their line\n  - Remove any text before or after the placeholder', 'Placeholder error: not_alone_in_line\nLine: 4\nPlaceholder: {{ metadata.author }}\n\nSuggestion: Place placeholder on its own line\n  - Placeholders must be the only content on their line\n  - Remove any text before or after the placeholder', 'Placeholder error: not_alone_in_line\nLine: 5\nPlaceholder: {{ metadata.date }}\n\nSuggestion: Place placeholder on its own line\n  - Placeholders must be the only content on their line\n  - Remove any text before or after the placeholder'], errors=[], comments_removed=0).content
Falsifying example: test_property_14_version_number_fallback(
    self=<tests.test_placeholder_processor.TestMetadataPlaceholders object at 0x7da1b63f8f80>,
    has_version_in_metadata=False,
    custom_version='0',
    has_author_in_metadata=False,
    custom_author='0',
)
FAILED tests/test_placeholder_processor.py::TestMetadataPlaceholders::test_metadata_version_without_config - AssertionError: assert '0.0.6' in 'Version: 0.0.9'
 +  where 'Version: 0.0.9' = ProcessingResult(content='Version: 0.0.9', replacements=[Replacement(placeholder='{{ metadata.version }}', value='0.0.9', source='metadata', line_number=1)], warnings=['Placeholder error: not_alone_in_line\nLine: 1\nPlaceholder: {{ metadata.version }}\n\nSuggestion: Place placeholder on its own line\n  - Placeholders must be the only content on their line\n  - Remove any text before or after the placeholder'], errors=[], comments_removed=0).content
FAILED tests/test_placeholder_processor.py::TestDualSourceProcessingProperty::test_property_4_dual_source_placeholder_processing - AssertionError: No placeholders should remain in content
assert '{{' not in '0\n{{'
  
  '{{' is contained here:
    0
    {{
Falsifying example: test_property_4_dual_source_placeholder_processing(
    self=<tests.test_placeholder_processor.TestDualSourceProcessingProperty object at 0x7da1b641d7f0>,
    num_meta_fields=1,
    num_netbox_fields=1,
    data=data(...),
)
Draw 1: 1
Draw 2: 'a'
Draw 3: '0'
Draw 4: 'a'
Draw 5: '{{'
FAILED tests/test_placeholder_properties_new_frameworks.py::TestProperty12PlaceholderSubstitutionLogging::test_property_12_logging_with_failures - AssertionError: Expected 1 preserved placeholders
assert 2 == 1
Falsifying example: test_property_12_logging_with_failures(
    self=<tests.test_placeholder_properties_new_frameworks.TestProperty12PlaceholderSubstitutionLogging object at 0x7da1b64557f0>,
    num_successful=1,
    num_failed=1,
    data=data(...),
)
Draw 1: 'B'
Draw 2: '{{'
Draw 3: 'A'
FAILED tests/test_setup.py::test_src_package - AssertionError: assert '0.0.9' == '0.0.6'
  
  - 0.0.6
  ?     ^
  + 0.0.9
  ?     ^
FAILED tests/test_template_manager.py::TestMetadataTemplates::test_property_13_metadata_template_format_validation - AssertionError: Invalid metadata template incorrectly recognized: 0000_metadata_aa_0.md
assert not True
 +  where True = is_metadata()
 +    where is_metadata = Template(path=PosixPath('/tmp/tmpimkjmhd2/templates/de/backup/0000_metadata_aa_0.md'), template_type='metadata', sort_order=0, language='de', category='backup').is_metadata
Falsifying example: test_property_13_metadata_template_format_validation(
    self=<tests.test_template_manager.TestMetadataTemplates object at 0x7da1b62d2480>,
    language='de',  # or any other generated value
    template_name='aa_0',
    is_valid_metadata=False,
)
Explanation:
    These lines were always and only run by failing examples:
        /home/andreas/kiro/Handbook-Generator/tests/test_template_manager.py:465
        /home/andreas/anaconda3/lib/python3.12/dataclasses.py:264
FAILED tests/test_template_manager_cis_integration.py::TestFilenameConventionValidation::test_content_template_numbering_validation - AssertionError: Content template should start with 4 digits: README.md
assert False
 +  where False = <built-in method isdigit of str object at 0x7da1b3052e50>()
 +    where <built-in method isdigit of str object at 0x7da1b3052e50> = 'READ'.isdigit
FAILED tests/test_template_manager_new_frameworks.py::TestProperty10MetadataExtraction::test_property_10_metadata_extraction - UnicodeEncodeError: 'utf-8' codec can't encode character '\ud800' in position 84: surrogates not allowed
Falsifying example: test_property_10_metadata_extraction(
    self=<tests.test_template_manager_new_frameworks.TestProperty10MetadataExtraction object at 0x7da1b631cd40>,
    framework='idw-ps-951',
    language='de',
    title='00000',
    author='000',
    version='000',
    organization='00\ud800',
)
FAILED tests/test_template_structure.py::TestTemplateNumberingSequence::test_property_11_template_numbering_sequence - AssertionError: Template number 9999 should be a multiple of 10
assert (9999 % 10) == 0
Falsifying example: test_property_11_template_numbering_sequence(
    self=<tests.test_template_structure.TestTemplateNumberingSequence object at 0x7da1b6379010>,
    language='de',
)
FAILED tests/test_template_structure.py::TestBilingualTemplateConsistency::test_property_10_bilingual_template_consistency - AssertionError: Template line counts should be similar. DE: 754, EN: 407
assert 0.5397877984084881 > 0.7
Falsifying example: test_property_10_bilingual_template_consistency(
    self=<tests.test_template_structure.TestBilingualTemplateConsistency object at 0x7da1b6379700>,
    template_number=290,
)
FAILED tests/test_template_structure.py::TestMultiLanguagePlaceholderConsistency::test_property_17_multi_language_placeholder_consistency - AssertionError: Placeholder sources should match. DE: {'netbox', 'meta'}, EN: {'meta'}
assert {'netbox', 'meta'} == {'meta'}
  
  Extra items in the left set:
  'netbox'
  
  Full diff:
    {
        'meta',
  +     'netbox',
    }
Falsifying example: test_property_17_multi_language_placeholder_consistency(
    self=<tests.test_template_structure.TestMultiLanguagePlaceholderConsistency object at 0x7da1b637a630>,
    template_number=190,
)
FAILED tests/test_template_structure.py::TestCompleteTemplateStructure::test_all_29_german_templates_present - AssertionError: Should have exactly 30 German IT-operation templates, found 31
assert 31 == 30
 +  where 31 = len([10, 11, 20, 30, 40, 50, 60, 70, 80, 90, 100, 110, 120, 130, 140, 150, 160, 170, 180, 190, 200, 210, 220, 230, 240, 250, 260, 270, 280, 290, 9999])
FAILED tests/test_template_structure.py::TestCompleteTemplateStructure::test_all_29_english_templates_present - AssertionError: Should have exactly 30 English IT-operation templates, found 31
assert 31 == 30
 +  where 31 = len([10, 11, 20, 30, 40, 50, 60, 70, 80, 90, 100, 110, 120, 130, 140, 150, 160, 170, 180, 190, 200, 210, 220, 230, 240, 250, 260, 270, 280, 290, 9999])
FAILED tests/test_template_structure.py::TestCompleteTemplateStructure::test_numbering_consistent_0010_to_0290 - AssertionError: Template number 9999 should be between 0010 and 0290
assert 9999 <= 290
FAILED tests/test_template_structure.py::TestCompleteTemplateStructure::test_german_english_template_count_matches - AssertionError: Should have exactly 30 templates, found 31
assert 31 == 30
FAILED tests/test_template_structure.py::TestCompleteTemplateStructure::test_service_template_directory_structure - AssertionError: German service-templates directory should exist
assert False
 +  where False = exists()
 +    where exists = PosixPath('templates/de/service-templates').exists
FAILED tests/test_tsc_category_coverage.py::TestTSCCategoryCoverage::test_tsc_framework_mapping_exists - AssertionError: German TSC FRAMEWORK_MAPPING.md should exist
assert False
 +  where False = exists()
 +    where exists = PosixPath('templates/de/tsc/FRAMEWORK_MAPPING.md').exists
FAILED tests/test_tsc_category_coverage.py::TestTSCCategoryCoverage::test_tsc_all_categories_covered - FileNotFoundError: [Errno 2] No such file or directory: 'templates/de/tsc/FRAMEWORK_MAPPING.md'
FAILED tests/test_tsc_category_coverage.py::TestTSCCategoryCoverage::test_tsc_common_criteria_coverage - FileNotFoundError: [Errno 2] No such file or directory: 'templates/de/tsc/FRAMEWORK_MAPPING.md'
FAILED tests/test_tsc_category_coverage.py::TestTSCCategoryCoverage::test_property_24_tsc_category_coverage - AssertionError: FRAMEWORK_MAPPING.md should exist in templates/de/tsc
assert False
 +  where False = exists()
 +    where exists = PosixPath('templates/de/tsc/FRAMEWORK_MAPPING.md').exists
Falsifying example: test_property_24_tsc_category_coverage(
    self=<tests.test_tsc_category_coverage.TestTSCCategoryCoverage object at 0x7da1b61f77a0>,
    language='de',
    category='CC',
)
FAILED tests/test_tsc_category_coverage.py::TestTSCCategoryCoverage::test_tsc_category_to_template_mapping - FileNotFoundError: [Errno 2] No such file or directory: 'templates/de/tsc/FRAMEWORK_MAPPING.md'
FAILED tests/test_tsc_category_coverage.py::TestTSCCategoryCoverage::test_tsc_coverage_analysis_documented - FileNotFoundError: [Errno 2] No such file or directory: 'templates/de/tsc/FRAMEWORK_MAPPING.md'
FAILED tests/test_tsc_category_coverage.py::TestTSCCategoryCoverage::test_property_24_bilingual_consistency - AssertionError: FRAMEWORK_MAPPING.md should exist for language 'de'
assert False
 +  where False = exists()
 +    where exists = PosixPath('templates/de/tsc/FRAMEWORK_MAPPING.md').exists
Falsifying example: test_property_24_bilingual_consistency(
    self=<tests.test_tsc_category_coverage.TestTSCCategoryCoverage object at 0x7da1b61d3b90>,
    language='de',
)
=========== 230 failed, 1433 passed, 29 skipped in 139.45s (0:02:19) ===========
